21:16:29.916 INFO - Selenium build info: version: '3.9.1', revision: '63f7b50'
21:16:29.917 INFO - Launching a standalone Selenium Server on port 2234
2018-03-14 21:16:30.190:INFO::main: Logging initialized @715ms to org.seleniumhq.jetty9.util.log.StdErrLog
2018-03-14 21:16:30.409:INFO:osjs.Server:main: jetty-9.4.7.v20170914, build timestamp: 2017-11-21T22:27:37+01:00, git hash: 82b8fb23f757335bb3329d540ce37a2a2615f0a8
2018-03-14 21:16:30.457:WARN:osjs.SecurityHandler:main: ServletContext@o.s.j.s.ServletContextHandler@4fb3ee4e{/,null,STARTING} has uncovered http methods for path: /
2018-03-14 21:16:30.465:INFO:osjsh.ContextHandler:main: Started o.s.j.s.ServletContextHandler@4fb3ee4e{/,null,AVAILABLE}
2018-03-14 21:16:30.533:INFO:osjs.AbstractConnector:main: Started ServerConnector@7526515b{HTTP/1.1,[http/1.1]}{0.0.0.0:2234}
2018-03-14 21:16:30.534:INFO:osjs.Server:main: Started @1059ms
21:16:30.536 INFO - Selenium Server is up and running on port 2234
2018-03-14 21:16:31.613:INFO:osjshC.ROOT:qtp1529060733-16: org.openqa.selenium.remote.server.WebDriverServlet-2892dae4: Initialising WebDriverServlet
21:16:31.711 INFO - Found handler: org.openqa.selenium.remote.server.commandhandler.BeginSession@960ba76
21:16:31.715 INFO - /session: Executing POST on /session (handler: BeginSession)
21:16:31.787 INFO - Capabilities are: Capabilities {acceptSslCerts: true, browserName: chrome, javascriptEnabled: true, name: Recipe Action}
21:16:31.788 INFO - Capabilities {acceptSslCerts: true, browserName: chrome, javascriptEnabled: true, name: Recipe Action} matched class org.openqa.selenium.remote.server.ServicedSession$Factory (provider: org.openqa.selenium.chrome.ChromeDriverService)
Starting ChromeDriver 2.36.540469 (1881fd7f8641508feb5166b7cae561d87723cfa8) on port 14666
Only local connections are allowed.
21:16:32.708 INFO - Detected dialect: OSS
21:16:33.180 INFO - Found handler: org.openqa.selenium.remote.server.ServicedSession@2a51507f
21:16:33.181 INFO - Handler thread for session 8446fed014df7b486e268800d08cf86c (chrome): Executing POST on /session/8446fed014df7b486e268800d08cf86c/url (handler: ServicedSession)
21:16:33.183 INFO - To upstream: {"url":"http://localhost:8080"}
21:16:38.853 INFO - To downstream: {"sessionId":"8446fed014df7b486e268800d08cf86c","status":0,"value":null}
21:16:38.860 INFO - Found handler: org.openqa.selenium.remote.server.ServicedSession@2a51507f
21:16:38.861 INFO - Handler thread for session 8446fed014df7b486e268800d08cf86c (chrome): Executing POST on /session/8446fed014df7b486e268800d08cf86c/elements (handler: ServicedSession)
21:16:38.862 INFO - To upstream: {"using":"css selector","value":"body"}
21:16:38.874 INFO - To downstream: {"sessionId":"8446fed014df7b486e268800d08cf86c","status":0,"value":[{"ELEMENT":"0.2286012551348806-1"}]}
21:16:38.879 INFO - Found handler: org.openqa.selenium.remote.server.ServicedSession@2a51507f
21:16:38.880 INFO - Handler thread for session 8446fed014df7b486e268800d08cf86c (chrome): Executing GET on /session/8446fed014df7b486e268800d08cf86c/element/0.2286012551348806-1/displayed (handler: ServicedSession)
21:16:38.891 INFO - To downstream: {"sessionId":"8446fed014df7b486e268800d08cf86c","status":0,"value":true}
21:16:40.901 INFO - Found handler: org.openqa.selenium.remote.server.ServicedSession@2a51507f
21:16:40.901 INFO - Handler thread for session 8446fed014df7b486e268800d08cf86c (chrome): Executing POST on /session/8446fed014df7b486e268800d08cf86c/elements (handler: ServicedSession)
21:16:40.902 INFO - To upstream: {"using":"css selector","value":"div#mainContainer"}
21:16:40.912 INFO - To downstream: {"sessionId":"8446fed014df7b486e268800d08cf86c","status":0,"value":[{"ELEMENT":"0.2286012551348806-2"}]}
21:16:40.916 INFO - Found handler: org.openqa.selenium.remote.server.ServicedSession@2a51507f
21:16:40.916 INFO - Handler thread for session 8446fed014df7b486e268800d08cf86c (chrome): Executing GET on /session/8446fed014df7b486e268800d08cf86c/element/0.2286012551348806-2/displayed (handler: ServicedSession)
21:16:40.926 INFO - To downstream: {"sessionId":"8446fed014df7b486e268800d08cf86c","status":0,"value":true}
21:16:42.935 INFO - Found handler: org.openqa.selenium.remote.server.ServicedSession@2a51507f
21:16:42.935 INFO - Handler thread for session 8446fed014df7b486e268800d08cf86c (chrome): Executing POST on /session/8446fed014df7b486e268800d08cf86c/element (handler: ServicedSession)
21:16:42.936 INFO - To upstream: {"using":"css selector","value":"#signupLink"}
21:16:42.947 INFO - To downstream: {"sessionId":"8446fed014df7b486e268800d08cf86c","status":0,"value":{"ELEMENT":"0.2286012551348806-3"}}
21:16:42.950 INFO - Found handler: org.openqa.selenium.remote.server.ServicedSession@2a51507f
21:16:42.950 INFO - Handler thread for session 8446fed014df7b486e268800d08cf86c (chrome): Executing POST on /session/8446fed014df7b486e268800d08cf86c/element/0.2286012551348806-3/click (handler: ServicedSession)
21:16:42.951 INFO - To upstream: 
21:16:43.002 INFO - To downstream: {"sessionId":"8446fed014df7b486e268800d08cf86c","status":0,"value":null}
21:16:45.012 INFO - Found handler: org.openqa.selenium.remote.server.ServicedSession@2a51507f
21:16:45.012 INFO - Handler thread for session 8446fed014df7b486e268800d08cf86c (chrome): Executing POST on /session/8446fed014df7b486e268800d08cf86c/element (handler: ServicedSession)
21:16:45.013 INFO - To upstream: {"using":"css selector","value":"input[name=firstName]"}
21:16:45.025 INFO - To downstream: {"sessionId":"8446fed014df7b486e268800d08cf86c","status":0,"value":{"ELEMENT":"0.2286012551348806-4"}}
21:16:45.029 INFO - Found handler: org.openqa.selenium.remote.server.ServicedSession@2a51507f
21:16:45.030 INFO - Handler thread for session 8446fed014df7b486e268800d08cf86c (chrome): Executing POST on /session/8446fed014df7b486e268800d08cf86c/element/0.2286012551348806-4/value (handler: ServicedSession)
21:16:45.031 INFO - To upstream: {"value":["D","r","."," ","S","h","a","u","n"," ","R","i","t","c","h","i","e"]}
21:16:45.185 INFO - To downstream: {"sessionId":"8446fed014df7b486e268800d08cf86c","status":0,"value":null}
21:16:47.193 INFO - Found handler: org.openqa.selenium.remote.server.ServicedSession@2a51507f
21:16:47.193 INFO - Handler thread for session 8446fed014df7b486e268800d08cf86c (chrome): Executing POST on /session/8446fed014df7b486e268800d08cf86c/element (handler: ServicedSession)
21:16:47.194 INFO - To upstream: {"using":"css selector","value":"input[name=lastName]"}
21:16:47.205 INFO - To downstream: {"sessionId":"8446fed014df7b486e268800d08cf86c","status":0,"value":{"ELEMENT":"0.2286012551348806-5"}}
21:16:47.208 INFO - Found handler: org.openqa.selenium.remote.server.ServicedSession@2a51507f
21:16:47.208 INFO - Handler thread for session 8446fed014df7b486e268800d08cf86c (chrome): Executing POST on /session/8446fed014df7b486e268800d08cf86c/element/0.2286012551348806-5/value (handler: ServicedSession)
21:16:47.209 INFO - To upstream: {"value":["C","h","r","i","s","t","e","l","l","e"," ","B","r","u","e","n"]}
21:16:47.319 INFO - To downstream: {"sessionId":"8446fed014df7b486e268800d08cf86c","status":0,"value":null}
21:16:49.325 INFO - Found handler: org.openqa.selenium.remote.server.ServicedSession@2a51507f
21:16:49.326 INFO - Handler thread for session 8446fed014df7b486e268800d08cf86c (chrome): Executing POST on /session/8446fed014df7b486e268800d08cf86c/element (handler: ServicedSession)
21:16:49.327 INFO - To upstream: {"using":"css selector","value":"input[name=email]"}
21:16:49.338 INFO - To downstream: {"sessionId":"8446fed014df7b486e268800d08cf86c","status":0,"value":{"ELEMENT":"0.2286012551348806-6"}}
21:16:49.341 INFO - Found handler: org.openqa.selenium.remote.server.ServicedSession@2a51507f
21:16:49.341 INFO - Handler thread for session 8446fed014df7b486e268800d08cf86c (chrome): Executing POST on /session/8446fed014df7b486e268800d08cf86c/element/0.2286012551348806-6/value (handler: ServicedSession)
21:16:49.342 INFO - To upstream: {"value":["A","n","t","o","n","e","t","t","e","_","W","u","n","s","c","h","@","y","a","h","o","o",".","c","o","m"]}
21:16:49.496 INFO - To downstream: {"sessionId":"8446fed014df7b486e268800d08cf86c","status":0,"value":null}
21:16:51.503 INFO - Found handler: org.openqa.selenium.remote.server.ServicedSession@2a51507f
21:16:51.503 INFO - Handler thread for session 8446fed014df7b486e268800d08cf86c (chrome): Executing POST on /session/8446fed014df7b486e268800d08cf86c/element (handler: ServicedSession)
21:16:51.504 INFO - To upstream: {"using":"css selector","value":"input[name=password]"}
21:16:51.517 INFO - To downstream: {"sessionId":"8446fed014df7b486e268800d08cf86c","status":0,"value":{"ELEMENT":"0.2286012551348806-7"}}
21:16:51.520 INFO - Found handler: org.openqa.selenium.remote.server.ServicedSession@2a51507f
21:16:51.521 INFO - Handler thread for session 8446fed014df7b486e268800d08cf86c (chrome): Executing POST on /session/8446fed014df7b486e268800d08cf86c/element/0.2286012551348806-7/value (handler: ServicedSession)
21:16:51.522 INFO - To upstream: {"value":["1","2","3","4","5","6"]}
21:16:51.577 INFO - To downstream: {"sessionId":"8446fed014df7b486e268800d08cf86c","status":0,"value":null}
21:16:53.586 INFO - Found handler: org.openqa.selenium.remote.server.ServicedSession@2a51507f
21:16:53.586 INFO - Handler thread for session 8446fed014df7b486e268800d08cf86c (chrome): Executing POST on /session/8446fed014df7b486e268800d08cf86c/element (handler: ServicedSession)
21:16:53.587 INFO - To upstream: {"using":"css selector","value":"input[name=confirmPassword]"}
21:16:53.597 INFO - To downstream: {"sessionId":"8446fed014df7b486e268800d08cf86c","status":0,"value":{"ELEMENT":"0.2286012551348806-8"}}
21:16:53.600 INFO - Found handler: org.openqa.selenium.remote.server.ServicedSession@2a51507f
21:16:53.600 INFO - Handler thread for session 8446fed014df7b486e268800d08cf86c (chrome): Executing POST on /session/8446fed014df7b486e268800d08cf86c/element/0.2286012551348806-8/value (handler: ServicedSession)
21:16:53.601 INFO - To upstream: {"value":["1","2","3","4","5","6"]}
21:16:53.656 INFO - To downstream: {"sessionId":"8446fed014df7b486e268800d08cf86c","status":0,"value":null}
21:16:55.664 INFO - Found handler: org.openqa.selenium.remote.server.ServicedSession@2a51507f
21:16:55.665 INFO - Handler thread for session 8446fed014df7b486e268800d08cf86c (chrome): Executing POST on /session/8446fed014df7b486e268800d08cf86c/element (handler: ServicedSession)
21:16:55.667 INFO - To upstream: {"using":"css selector","value":"#registerbutton"}
21:16:55.682 INFO - To downstream: {"sessionId":"8446fed014df7b486e268800d08cf86c","status":0,"value":{"ELEMENT":"0.2286012551348806-9"}}
21:16:55.685 INFO - Found handler: org.openqa.selenium.remote.server.ServicedSession@2a51507f
21:16:55.685 INFO - Handler thread for session 8446fed014df7b486e268800d08cf86c (chrome): Executing POST on /session/8446fed014df7b486e268800d08cf86c/element/0.2286012551348806-9/click (handler: ServicedSession)
21:16:55.686 INFO - To upstream: 
21:16:55.734 INFO - To downstream: {"sessionId":"8446fed014df7b486e268800d08cf86c","status":0,"value":null}
21:16:57.743 INFO - Found handler: org.openqa.selenium.remote.server.ServicedSession@2a51507f
21:16:57.743 INFO - Handler thread for session 8446fed014df7b486e268800d08cf86c (chrome): Executing POST on /session/8446fed014df7b486e268800d08cf86c/element (handler: ServicedSession)
21:16:57.751 INFO - To upstream: {"using":"css selector","value":".nav-link.dropdown-toggle"}
21:16:57.776 INFO - To downstream: {"sessionId":"8446fed014df7b486e268800d08cf86c","status":0,"value":{"ELEMENT":"0.2286012551348806-10"}}
21:16:57.779 INFO - Found handler: org.openqa.selenium.remote.server.ServicedSession@2a51507f
21:16:57.779 INFO - Handler thread for session 8446fed014df7b486e268800d08cf86c (chrome): Executing POST on /session/8446fed014df7b486e268800d08cf86c/element/0.2286012551348806-10/click (handler: ServicedSession)
21:16:57.780 INFO - To upstream: 
21:16:57.844 INFO - To downstream: {"sessionId":"8446fed014df7b486e268800d08cf86c","status":0,"value":null}
21:16:59.851 INFO - Found handler: org.openqa.selenium.remote.server.ServicedSession@2a51507f
21:16:59.851 INFO - Handler thread for session 8446fed014df7b486e268800d08cf86c (chrome): Executing POST on /session/8446fed014df7b486e268800d08cf86c/element (handler: ServicedSession)
21:16:59.853 INFO - To upstream: {"using":"css selector","value":"#signoutLink"}
21:16:59.865 INFO - To downstream: {"sessionId":"8446fed014df7b486e268800d08cf86c","status":0,"value":{"ELEMENT":"0.2286012551348806-11"}}
21:16:59.868 INFO - Found handler: org.openqa.selenium.remote.server.ServicedSession@2a51507f
21:16:59.868 INFO - Handler thread for session 8446fed014df7b486e268800d08cf86c (chrome): Executing POST on /session/8446fed014df7b486e268800d08cf86c/element/0.2286012551348806-11/click (handler: ServicedSession)
21:16:59.869 INFO - To upstream: 
21:16:59.924 INFO - To downstream: {"sessionId":"8446fed014df7b486e268800d08cf86c","status":0,"value":null}
21:17:01.931 INFO - Found handler: org.openqa.selenium.remote.server.ServicedSession@2a51507f
21:17:01.931 INFO - Handler thread for session 8446fed014df7b486e268800d08cf86c (chrome): Executing POST on /session/8446fed014df7b486e268800d08cf86c/elements (handler: ServicedSession)
21:17:01.933 INFO - To upstream: {"using":"css selector","value":".container-fluid.main-login-container"}
21:17:01.943 INFO - To downstream: {"sessionId":"8446fed014df7b486e268800d08cf86c","status":0,"value":[{"ELEMENT":"0.2286012551348806-12"}]}
21:17:01.946 INFO - Found handler: org.openqa.selenium.remote.server.ServicedSession@2a51507f
21:17:01.946 INFO - Handler thread for session 8446fed014df7b486e268800d08cf86c (chrome): Executing GET on /session/8446fed014df7b486e268800d08cf86c/element/0.2286012551348806-12/displayed (handler: ServicedSession)
21:17:01.957 INFO - To downstream: {"sessionId":"8446fed014df7b486e268800d08cf86c","status":0,"value":true}
21:17:03.965 INFO - Found handler: org.openqa.selenium.remote.server.ServicedSession@2a51507f
21:17:03.966 INFO - Handler thread for session 8446fed014df7b486e268800d08cf86c (chrome): Executing POST on /session/8446fed014df7b486e268800d08cf86c/elements (handler: ServicedSession)
21:17:03.967 INFO - To upstream: {"using":"css selector","value":"body"}
21:17:03.978 INFO - To downstream: {"sessionId":"8446fed014df7b486e268800d08cf86c","status":0,"value":[{"ELEMENT":"0.2286012551348806-1"}]}
21:17:03.981 INFO - Found handler: org.openqa.selenium.remote.server.ServicedSession@2a51507f
21:17:03.981 INFO - Handler thread for session 8446fed014df7b486e268800d08cf86c (chrome): Executing GET on /session/8446fed014df7b486e268800d08cf86c/element/0.2286012551348806-1/displayed (handler: ServicedSession)
21:17:03.993 INFO - To downstream: {"sessionId":"8446fed014df7b486e268800d08cf86c","status":0,"value":true}
21:17:05.998 INFO - Found handler: org.openqa.selenium.remote.server.ServicedSession@2a51507f
21:17:05.998 INFO - Handler thread for session 8446fed014df7b486e268800d08cf86c (chrome): Executing POST on /session/8446fed014df7b486e268800d08cf86c/elements (handler: ServicedSession)
21:17:05.999 INFO - To upstream: {"using":"css selector","value":"div#mainContainer"}
21:17:06.011 INFO - To downstream: {"sessionId":"8446fed014df7b486e268800d08cf86c","status":0,"value":[{"ELEMENT":"0.2286012551348806-2"}]}
21:17:06.014 INFO - Found handler: org.openqa.selenium.remote.server.ServicedSession@2a51507f
21:17:06.014 INFO - Handler thread for session 8446fed014df7b486e268800d08cf86c (chrome): Executing GET on /session/8446fed014df7b486e268800d08cf86c/element/0.2286012551348806-2/displayed (handler: ServicedSession)
21:17:06.038 INFO - To downstream: {"sessionId":"8446fed014df7b486e268800d08cf86c","status":0,"value":true}
21:17:08.046 INFO - Found handler: org.openqa.selenium.remote.server.ServicedSession@2a51507f
21:17:08.046 INFO - Handler thread for session 8446fed014df7b486e268800d08cf86c (chrome): Executing POST on /session/8446fed014df7b486e268800d08cf86c/element (handler: ServicedSession)
21:17:08.047 INFO - To upstream: {"using":"css selector","value":"input[name=email]"}
21:17:08.059 INFO - To downstream: {"sessionId":"8446fed014df7b486e268800d08cf86c","status":0,"value":{"ELEMENT":"0.2286012551348806-13"}}
21:17:08.062 INFO - Found handler: org.openqa.selenium.remote.server.ServicedSession@2a51507f
21:17:08.062 INFO - Handler thread for session 8446fed014df7b486e268800d08cf86c (chrome): Executing POST on /session/8446fed014df7b486e268800d08cf86c/element/0.2286012551348806-13/value (handler: ServicedSession)
21:17:08.063 INFO - To upstream: {"value":["A","n","t","o","n","e","t","t","e","_","W","u","n","s","c","h","@","y","a","h","o","o",".","c","o","m"]}
21:17:08.226 INFO - To downstream: {"sessionId":"8446fed014df7b486e268800d08cf86c","status":0,"value":null}
21:17:10.234 INFO - Found handler: org.openqa.selenium.remote.server.ServicedSession@2a51507f
21:17:10.235 INFO - Handler thread for session 8446fed014df7b486e268800d08cf86c (chrome): Executing POST on /session/8446fed014df7b486e268800d08cf86c/element (handler: ServicedSession)
21:17:10.236 INFO - To upstream: {"using":"css selector","value":"input[name=password]"}
21:17:10.246 INFO - To downstream: {"sessionId":"8446fed014df7b486e268800d08cf86c","status":0,"value":{"ELEMENT":"0.2286012551348806-14"}}
21:17:10.249 INFO - Found handler: org.openqa.selenium.remote.server.ServicedSession@2a51507f
21:17:10.249 INFO - Handler thread for session 8446fed014df7b486e268800d08cf86c (chrome): Executing POST on /session/8446fed014df7b486e268800d08cf86c/element/0.2286012551348806-14/value (handler: ServicedSession)
21:17:10.250 INFO - To upstream: {"value":["1","2","3","4","5","6"]}
21:17:10.303 INFO - To downstream: {"sessionId":"8446fed014df7b486e268800d08cf86c","status":0,"value":null}
21:17:12.310 INFO - Found handler: org.openqa.selenium.remote.server.ServicedSession@2a51507f
21:17:12.310 INFO - Handler thread for session 8446fed014df7b486e268800d08cf86c (chrome): Executing POST on /session/8446fed014df7b486e268800d08cf86c/element (handler: ServicedSession)
21:17:12.312 INFO - To upstream: {"using":"css selector","value":"#signinButton"}
21:17:12.322 INFO - To downstream: {"sessionId":"8446fed014df7b486e268800d08cf86c","status":0,"value":{"ELEMENT":"0.2286012551348806-15"}}
21:17:12.325 INFO - Found handler: org.openqa.selenium.remote.server.ServicedSession@2a51507f
21:17:12.325 INFO - Handler thread for session 8446fed014df7b486e268800d08cf86c (chrome): Executing POST on /session/8446fed014df7b486e268800d08cf86c/element/0.2286012551348806-15/click (handler: ServicedSession)
21:17:12.326 INFO - To upstream: 
21:17:12.368 INFO - To downstream: {"sessionId":"8446fed014df7b486e268800d08cf86c","status":0,"value":null}
21:17:14.379 INFO - Found handler: org.openqa.selenium.remote.server.ServicedSession@2a51507f
21:17:14.379 INFO - Handler thread for session 8446fed014df7b486e268800d08cf86c (chrome): Executing POST on /session/8446fed014df7b486e268800d08cf86c/elements (handler: ServicedSession)
21:17:14.380 INFO - To upstream: {"using":"css selector","value":"body"}
21:17:14.386 INFO - To downstream: {"sessionId":"8446fed014df7b486e268800d08cf86c","status":0,"value":[{"ELEMENT":"0.2286012551348806-1"}]}
21:17:14.389 INFO - Found handler: org.openqa.selenium.remote.server.ServicedSession@2a51507f
21:17:14.390 INFO - Handler thread for session 8446fed014df7b486e268800d08cf86c (chrome): Executing GET on /session/8446fed014df7b486e268800d08cf86c/element/0.2286012551348806-1/displayed (handler: ServicedSession)
21:17:14.396 INFO - To downstream: {"sessionId":"8446fed014df7b486e268800d08cf86c","status":0,"value":true}
21:17:16.406 INFO - Found handler: org.openqa.selenium.remote.server.ServicedSession@2a51507f
21:17:16.406 INFO - Handler thread for session 8446fed014df7b486e268800d08cf86c (chrome): Executing POST on /session/8446fed014df7b486e268800d08cf86c/elements (handler: ServicedSession)
21:17:16.407 INFO - To upstream: {"using":"css selector","value":"div#mainContainer"}
21:17:16.413 INFO - To downstream: {"sessionId":"8446fed014df7b486e268800d08cf86c","status":0,"value":[{"ELEMENT":"0.2286012551348806-2"}]}
21:17:16.415 INFO - Found handler: org.openqa.selenium.remote.server.ServicedSession@2a51507f
21:17:16.415 INFO - Handler thread for session 8446fed014df7b486e268800d08cf86c (chrome): Executing GET on /session/8446fed014df7b486e268800d08cf86c/element/0.2286012551348806-2/displayed (handler: ServicedSession)
21:17:16.421 INFO - To downstream: {"sessionId":"8446fed014df7b486e268800d08cf86c","status":0,"value":true}
21:17:18.427 INFO - Found handler: org.openqa.selenium.remote.server.ServicedSession@2a51507f
21:17:18.427 INFO - Handler thread for session 8446fed014df7b486e268800d08cf86c (chrome): Executing POST on /session/8446fed014df7b486e268800d08cf86c/element (handler: ServicedSession)
21:17:18.428 INFO - To upstream: {"using":"css selector","value":"#catalogue"}
21:17:18.439 INFO - To downstream: {"sessionId":"8446fed014df7b486e268800d08cf86c","status":0,"value":{"ELEMENT":"0.2286012551348806-16"}}
21:17:18.442 INFO - Found handler: org.openqa.selenium.remote.server.ServicedSession@2a51507f
21:17:18.443 INFO - Handler thread for session 8446fed014df7b486e268800d08cf86c (chrome): Executing POST on /session/8446fed014df7b486e268800d08cf86c/element/0.2286012551348806-16/click (handler: ServicedSession)
21:17:18.443 INFO - To upstream: 
21:17:18.519 INFO - To downstream: {"sessionId":"8446fed014df7b486e268800d08cf86c","status":0,"value":null}
21:17:20.530 INFO - Found handler: org.openqa.selenium.remote.server.ServicedSession@2a51507f
21:17:20.530 INFO - Handler thread for session 8446fed014df7b486e268800d08cf86c (chrome): Executing POST on /session/8446fed014df7b486e268800d08cf86c/elements (handler: ServicedSession)
21:17:20.531 INFO - To upstream: {"using":"css selector","value":"body"}
21:17:20.537 INFO - To downstream: {"sessionId":"8446fed014df7b486e268800d08cf86c","status":0,"value":[{"ELEMENT":"0.2286012551348806-1"}]}
21:17:20.539 INFO - Found handler: org.openqa.selenium.remote.server.ServicedSession@2a51507f
21:17:20.539 INFO - Handler thread for session 8446fed014df7b486e268800d08cf86c (chrome): Executing GET on /session/8446fed014df7b486e268800d08cf86c/element/0.2286012551348806-1/displayed (handler: ServicedSession)
21:17:20.545 INFO - To downstream: {"sessionId":"8446fed014df7b486e268800d08cf86c","status":0,"value":true}
21:17:22.553 INFO - Found handler: org.openqa.selenium.remote.server.ServicedSession@2a51507f
21:17:22.553 INFO - Handler thread for session 8446fed014df7b486e268800d08cf86c (chrome): Executing POST on /session/8446fed014df7b486e268800d08cf86c/elements (handler: ServicedSession)
21:17:22.554 INFO - To upstream: {"using":"css selector","value":"div#mainContainer"}
21:17:22.560 INFO - To downstream: {"sessionId":"8446fed014df7b486e268800d08cf86c","status":0,"value":[{"ELEMENT":"0.2286012551348806-2"}]}
21:17:22.562 INFO - Found handler: org.openqa.selenium.remote.server.ServicedSession@2a51507f
21:17:22.563 INFO - Handler thread for session 8446fed014df7b486e268800d08cf86c (chrome): Executing GET on /session/8446fed014df7b486e268800d08cf86c/element/0.2286012551348806-2/displayed (handler: ServicedSession)
21:17:22.568 INFO - To downstream: {"sessionId":"8446fed014df7b486e268800d08cf86c","status":0,"value":true}
21:17:24.576 INFO - Found handler: org.openqa.selenium.remote.server.ServicedSession@2a51507f
21:17:24.576 INFO - Handler thread for session 8446fed014df7b486e268800d08cf86c (chrome): Executing POST on /session/8446fed014df7b486e268800d08cf86c/element (handler: ServicedSession)
21:17:24.577 INFO - To upstream: {"using":"css selector","value":"input[ type=\"search\"]"}
21:17:24.589 INFO - To downstream: {"sessionId":"8446fed014df7b486e268800d08cf86c","status":0,"value":{"ELEMENT":"0.2286012551348806-17"}}
21:17:24.592 INFO - Found handler: org.openqa.selenium.remote.server.ServicedSession@2a51507f
21:17:24.592 INFO - Handler thread for session 8446fed014df7b486e268800d08cf86c (chrome): Executing POST on /session/8446fed014df7b486e268800d08cf86c/element/0.2286012551348806-17/value (handler: ServicedSession)
21:17:24.593 INFO - To upstream: {"value":["a","s","s","o","r","t","e","d"," ","m","e","a","t"]}
21:17:25.023 INFO - To downstream: {"sessionId":"8446fed014df7b486e268800d08cf86c","status":0,"value":null}
21:17:27.031 INFO - Found handler: org.openqa.selenium.remote.server.ServicedSession@2a51507f
21:17:27.031 INFO - Handler thread for session 8446fed014df7b486e268800d08cf86c (chrome): Executing POST on /session/8446fed014df7b486e268800d08cf86c/element (handler: ServicedSession)
21:17:27.032 INFO - To upstream: {"using":"css selector","value":"input[type=search]"}
21:17:27.042 INFO - To downstream: {"sessionId":"8446fed014df7b486e268800d08cf86c","status":0,"value":{"ELEMENT":"0.2286012551348806-17"}}
21:17:27.045 INFO - Found handler: org.openqa.selenium.remote.server.ServicedSession@2a51507f
21:17:27.045 INFO - Handler thread for session 8446fed014df7b486e268800d08cf86c (chrome): Executing POST on /session/8446fed014df7b486e268800d08cf86c/element/0.2286012551348806-17/clear (handler: ServicedSession)
21:17:27.046 INFO - To upstream: 
21:17:27.069 INFO - To downstream: {"sessionId":"8446fed014df7b486e268800d08cf86c","status":0,"value":null}
21:17:29.077 INFO - Found handler: org.openqa.selenium.remote.server.ServicedSession@2a51507f
21:17:29.077 INFO - Handler thread for session 8446fed014df7b486e268800d08cf86c (chrome): Executing POST on /session/8446fed014df7b486e268800d08cf86c/element (handler: ServicedSession)
21:17:29.078 INFO - To upstream: {"using":"css selector","value":"input[ type=\"search\"]"}
21:17:29.084 INFO - To downstream: {"sessionId":"8446fed014df7b486e268800d08cf86c","status":0,"value":{"ELEMENT":"0.2286012551348806-17"}}
21:17:29.086 INFO - Found handler: org.openqa.selenium.remote.server.ServicedSession@2a51507f
21:17:29.086 INFO - Handler thread for session 8446fed014df7b486e268800d08cf86c (chrome): Executing POST on /session/8446fed014df7b486e268800d08cf86c/element/0.2286012551348806-17/value (handler: ServicedSession)
21:17:29.087 INFO - To upstream: {"value":["a","s","d","f"]}
21:17:29.201 INFO - To downstream: {"sessionId":"8446fed014df7b486e268800d08cf86c","status":0,"value":null}
21:17:31.209 INFO - Found handler: org.openqa.selenium.remote.server.ServicedSession@2a51507f
21:17:31.209 INFO - Handler thread for session 8446fed014df7b486e268800d08cf86c (chrome): Executing POST on /session/8446fed014df7b486e268800d08cf86c/element (handler: ServicedSession)
21:17:31.211 INFO - To upstream: {"using":"css selector","value":"input[type=search]"}
21:17:31.219 INFO - To downstream: {"sessionId":"8446fed014df7b486e268800d08cf86c","status":0,"value":{"ELEMENT":"0.2286012551348806-17"}}
21:17:31.221 INFO - Found handler: org.openqa.selenium.remote.server.ServicedSession@2a51507f
21:17:31.222 INFO - Handler thread for session 8446fed014df7b486e268800d08cf86c (chrome): Executing POST on /session/8446fed014df7b486e268800d08cf86c/element/0.2286012551348806-17/clear (handler: ServicedSession)
21:17:31.222 INFO - To upstream: 
21:17:31.231 INFO - To downstream: {"sessionId":"8446fed014df7b486e268800d08cf86c","status":0,"value":null}
21:17:33.239 INFO - Found handler: org.openqa.selenium.remote.server.ServicedSession@2a51507f
21:17:33.240 INFO - Handler thread for session 8446fed014df7b486e268800d08cf86c (chrome): Executing POST on /session/8446fed014df7b486e268800d08cf86c/element (handler: ServicedSession)
21:17:33.242 INFO - To upstream: {"using":"css selector","value":"input[ type=\"search\"]"}
21:17:33.247 INFO - To downstream: {"sessionId":"8446fed014df7b486e268800d08cf86c","status":0,"value":{"ELEMENT":"0.2286012551348806-17"}}
21:17:33.250 INFO - Found handler: org.openqa.selenium.remote.server.ServicedSession@2a51507f
21:17:33.250 INFO - Handler thread for session 8446fed014df7b486e268800d08cf86c (chrome): Executing POST on /session/8446fed014df7b486e268800d08cf86c/element/0.2286012551348806-17/value (handler: ServicedSession)
21:17:33.251 INFO - To upstream: {"value":["p","e","p","p","e","r"]}
21:17:33.556 INFO - To downstream: {"sessionId":"8446fed014df7b486e268800d08cf86c","status":0,"value":null}
21:17:35.569 INFO - Found handler: org.openqa.selenium.remote.server.ServicedSession@2a51507f
21:17:35.569 INFO - Handler thread for session 8446fed014df7b486e268800d08cf86c (chrome): Executing POST on /session/8446fed014df7b486e268800d08cf86c/element (handler: ServicedSession)
21:17:35.572 INFO - To upstream: {"using":"css selector","value":"#sortButton"}
21:17:35.587 INFO - To downstream: {"sessionId":"8446fed014df7b486e268800d08cf86c","status":0,"value":{"ELEMENT":"0.2286012551348806-18"}}
21:17:35.591 INFO - Found handler: org.openqa.selenium.remote.server.ServicedSession@2a51507f
21:17:35.591 INFO - Handler thread for session 8446fed014df7b486e268800d08cf86c (chrome): Executing POST on /session/8446fed014df7b486e268800d08cf86c/element/0.2286012551348806-18/click (handler: ServicedSession)
21:17:35.592 INFO - To upstream: 
21:17:35.691 INFO - To downstream: {"sessionId":"8446fed014df7b486e268800d08cf86c","status":0,"value":null}
21:17:37.700 INFO - Found handler: org.openqa.selenium.remote.server.ServicedSession@2a51507f
21:17:37.700 INFO - Handler thread for session 8446fed014df7b486e268800d08cf86c (chrome): Executing POST on /session/8446fed014df7b486e268800d08cf86c/element (handler: ServicedSession)
21:17:37.701 INFO - To upstream: {"using":"css selector","value":"#downvotes"}
21:17:37.711 INFO - To downstream: {"sessionId":"8446fed014df7b486e268800d08cf86c","status":0,"value":{"ELEMENT":"0.2286012551348806-19"}}
21:17:37.714 INFO - Found handler: org.openqa.selenium.remote.server.ServicedSession@2a51507f
21:17:37.714 INFO - Handler thread for session 8446fed014df7b486e268800d08cf86c (chrome): Executing POST on /session/8446fed014df7b486e268800d08cf86c/element/0.2286012551348806-19/click (handler: ServicedSession)
21:17:37.715 INFO - To upstream: 
21:17:37.980 INFO - To downstream: {"sessionId":"8446fed014df7b486e268800d08cf86c","status":0,"value":null}
21:17:39.988 INFO - Found handler: org.openqa.selenium.remote.server.ServicedSession@2a51507f
21:17:39.988 INFO - Handler thread for session 8446fed014df7b486e268800d08cf86c (chrome): Executing POST on /session/8446fed014df7b486e268800d08cf86c/element (handler: ServicedSession)
21:17:39.989 INFO - To upstream: {"using":"css selector","value":"#orderButton"}
21:17:39.999 INFO - To downstream: {"sessionId":"8446fed014df7b486e268800d08cf86c","status":0,"value":{"ELEMENT":"0.2286012551348806-20"}}
21:17:40.002 INFO - Found handler: org.openqa.selenium.remote.server.ServicedSession@2a51507f
21:17:40.002 INFO - Handler thread for session 8446fed014df7b486e268800d08cf86c (chrome): Executing POST on /session/8446fed014df7b486e268800d08cf86c/element/0.2286012551348806-20/click (handler: ServicedSession)
21:17:40.003 INFO - To upstream: 
21:17:40.092 INFO - To downstream: {"sessionId":"8446fed014df7b486e268800d08cf86c","status":0,"value":null}
21:17:42.100 INFO - Found handler: org.openqa.selenium.remote.server.ServicedSession@2a51507f
21:17:42.100 INFO - Handler thread for session 8446fed014df7b486e268800d08cf86c (chrome): Executing POST on /session/8446fed014df7b486e268800d08cf86c/element (handler: ServicedSession)
21:17:42.101 INFO - To upstream: {"using":"css selector","value":"#desc"}
21:17:42.111 INFO - To downstream: {"sessionId":"8446fed014df7b486e268800d08cf86c","status":0,"value":{"ELEMENT":"0.2286012551348806-21"}}
21:17:42.113 INFO - Found handler: org.openqa.selenium.remote.server.ServicedSession@2a51507f
21:17:42.113 INFO - Handler thread for session 8446fed014df7b486e268800d08cf86c (chrome): Executing POST on /session/8446fed014df7b486e268800d08cf86c/element/0.2286012551348806-21/click (handler: ServicedSession)
21:17:42.114 INFO - To upstream: 
21:17:42.382 INFO - To downstream: {"sessionId":"8446fed014df7b486e268800d08cf86c","status":0,"value":null}
21:17:44.394 INFO - Found handler: org.openqa.selenium.remote.server.ServicedSession@2a51507f
21:17:44.394 INFO - Handler thread for session 8446fed014df7b486e268800d08cf86c (chrome): Executing POST on /session/8446fed014df7b486e268800d08cf86c/element (handler: ServicedSession)
21:17:44.395 INFO - To upstream: {"using":"css selector","value":"#viewDetails"}
21:17:44.405 INFO - To downstream: {"sessionId":"8446fed014df7b486e268800d08cf86c","status":0,"value":{"ELEMENT":"0.2286012551348806-22"}}
21:17:44.408 INFO - Found handler: org.openqa.selenium.remote.server.ServicedSession@2a51507f
21:17:44.408 INFO - Handler thread for session 8446fed014df7b486e268800d08cf86c (chrome): Executing GET on /session/8446fed014df7b486e268800d08cf86c/element/0.2286012551348806-22/displayed (handler: ServicedSession)
21:17:44.418 INFO - To downstream: {"sessionId":"8446fed014df7b486e268800d08cf86c","status":0,"value":true}
21:17:44.421 INFO - Found handler: org.openqa.selenium.remote.server.ServicedSession@2a51507f
21:17:44.421 INFO - Handler thread for session 8446fed014df7b486e268800d08cf86c (chrome): Executing POST on /session/8446fed014df7b486e268800d08cf86c/element (handler: ServicedSession)
21:17:44.422 INFO - To upstream: {"using":"css selector","value":"#viewDetails"}
21:17:44.427 INFO - To downstream: {"sessionId":"8446fed014df7b486e268800d08cf86c","status":0,"value":{"ELEMENT":"0.2286012551348806-22"}}
21:17:44.430 INFO - Found handler: org.openqa.selenium.remote.server.ServicedSession@2a51507f
21:17:44.430 INFO - Handler thread for session 8446fed014df7b486e268800d08cf86c (chrome): Executing GET on /session/8446fed014df7b486e268800d08cf86c/element/0.2286012551348806-22/text (handler: ServicedSession)
21:17:44.442 INFO - To downstream: {"sessionId":"8446fed014df7b486e268800d08cf86c","status":0,"value":"view details"}
21:17:46.446 INFO - Found handler: org.openqa.selenium.remote.server.ServicedSession@2a51507f
21:17:46.447 INFO - Handler thread for session 8446fed014df7b486e268800d08cf86c (chrome): Executing POST on /session/8446fed014df7b486e268800d08cf86c/execute (handler: ServicedSession)
21:17:46.447 INFO - To upstream: {"script":"var passedArgs = Array.prototype.slice.call(arguments,0); return function ()  {\n        document.querySelector('#viewDetails').scrollIntoView();\n      }.apply(window, passedArgs);","args":["#viewDetails"]}
21:17:46.453 INFO - To downstream: {"sessionId":"8446fed014df7b486e268800d08cf86c","status":0,"value":null}
21:17:48.460 INFO - Found handler: org.openqa.selenium.remote.server.ServicedSession@2a51507f
21:17:48.460 INFO - Handler thread for session 8446fed014df7b486e268800d08cf86c (chrome): Executing POST on /session/8446fed014df7b486e268800d08cf86c/element (handler: ServicedSession)
21:17:48.461 INFO - To upstream: {"using":"css selector","value":"#viewDetails"}
21:17:48.467 INFO - To downstream: {"sessionId":"8446fed014df7b486e268800d08cf86c","status":0,"value":{"ELEMENT":"0.2286012551348806-22"}}
21:17:48.470 INFO - Found handler: org.openqa.selenium.remote.server.ServicedSession@2a51507f
21:17:48.470 INFO - Handler thread for session 8446fed014df7b486e268800d08cf86c (chrome): Executing POST on /session/8446fed014df7b486e268800d08cf86c/element/0.2286012551348806-22/click (handler: ServicedSession)
21:17:48.470 INFO - To upstream: 
21:17:48.535 INFO - To downstream: {"sessionId":"8446fed014df7b486e268800d08cf86c","status":0,"value":null}
21:17:50.541 INFO - Found handler: org.openqa.selenium.remote.server.ServicedSession@2a51507f
21:17:50.541 INFO - Handler thread for session 8446fed014df7b486e268800d08cf86c (chrome): Executing POST on /session/8446fed014df7b486e268800d08cf86c/element (handler: ServicedSession)
21:17:50.542 INFO - To upstream: {"using":"css selector","value":"#recipeDetails"}
21:17:50.553 INFO - To downstream: {"sessionId":"8446fed014df7b486e268800d08cf86c","status":0,"value":{"ELEMENT":"0.2286012551348806-23"}}
21:17:50.556 INFO - Found handler: org.openqa.selenium.remote.server.ServicedSession@2a51507f
21:17:50.556 INFO - Handler thread for session 8446fed014df7b486e268800d08cf86c (chrome): Executing GET on /session/8446fed014df7b486e268800d08cf86c/element/0.2286012551348806-23/displayed (handler: ServicedSession)
21:17:50.566 INFO - To downstream: {"sessionId":"8446fed014df7b486e268800d08cf86c","status":0,"value":true}
21:17:52.571 INFO - Found handler: org.openqa.selenium.remote.server.ServicedSession@2a51507f
21:17:52.571 INFO - Handler thread for session 8446fed014df7b486e268800d08cf86c (chrome): Executing POST on /session/8446fed014df7b486e268800d08cf86c/elements (handler: ServicedSession)
21:17:52.572 INFO - To upstream: {"using":"css selector","value":"body"}
21:17:52.589 INFO - To downstream: {"sessionId":"8446fed014df7b486e268800d08cf86c","status":0,"value":[{"ELEMENT":"0.2286012551348806-1"}]}
21:17:52.591 INFO - Found handler: org.openqa.selenium.remote.server.ServicedSession@2a51507f
21:17:52.591 INFO - Handler thread for session 8446fed014df7b486e268800d08cf86c (chrome): Executing GET on /session/8446fed014df7b486e268800d08cf86c/element/0.2286012551348806-1/displayed (handler: ServicedSession)
21:17:52.602 INFO - To downstream: {"sessionId":"8446fed014df7b486e268800d08cf86c","status":0,"value":true}
21:17:54.609 INFO - Found handler: org.openqa.selenium.remote.server.ServicedSession@2a51507f
21:17:54.609 INFO - Handler thread for session 8446fed014df7b486e268800d08cf86c (chrome): Executing POST on /session/8446fed014df7b486e268800d08cf86c/elements (handler: ServicedSession)
21:17:54.610 INFO - To upstream: {"using":"css selector","value":"div#mainContainer"}
21:17:54.620 INFO - To downstream: {"sessionId":"8446fed014df7b486e268800d08cf86c","status":0,"value":[{"ELEMENT":"0.2286012551348806-2"}]}
21:17:54.623 INFO - Found handler: org.openqa.selenium.remote.server.ServicedSession@2a51507f
21:17:54.623 INFO - Handler thread for session 8446fed014df7b486e268800d08cf86c (chrome): Executing GET on /session/8446fed014df7b486e268800d08cf86c/element/0.2286012551348806-2/displayed (handler: ServicedSession)
21:17:54.633 INFO - To downstream: {"sessionId":"8446fed014df7b486e268800d08cf86c","status":0,"value":true}
21:17:56.639 INFO - Found handler: org.openqa.selenium.remote.server.ServicedSession@2a51507f
21:17:56.639 INFO - Handler thread for session 8446fed014df7b486e268800d08cf86c (chrome): Executing POST on /session/8446fed014df7b486e268800d08cf86c/element (handler: ServicedSession)
21:17:56.641 INFO - To upstream: {"using":"css selector","value":"#upvote"}
21:17:56.652 INFO - To downstream: {"sessionId":"8446fed014df7b486e268800d08cf86c","status":0,"value":{"ELEMENT":"0.2286012551348806-24"}}
21:17:56.655 INFO - Found handler: org.openqa.selenium.remote.server.ServicedSession@2a51507f
21:17:56.655 INFO - Handler thread for session 8446fed014df7b486e268800d08cf86c (chrome): Executing POST on /session/8446fed014df7b486e268800d08cf86c/element/0.2286012551348806-24/click (handler: ServicedSession)
21:17:56.656 INFO - To upstream: 
21:17:56.690 INFO - To downstream: {"sessionId":"8446fed014df7b486e268800d08cf86c","status":0,"value":null}
21:17:58.700 INFO - Found handler: org.openqa.selenium.remote.server.ServicedSession@2a51507f
21:17:58.700 INFO - Handler thread for session 8446fed014df7b486e268800d08cf86c (chrome): Executing POST on /session/8446fed014df7b486e268800d08cf86c/elements (handler: ServicedSession)
21:17:58.701 INFO - To upstream: {"using":"css selector","value":"#downvote"}
21:17:58.717 INFO - To downstream: {"sessionId":"8446fed014df7b486e268800d08cf86c","status":0,"value":[{"ELEMENT":"0.2286012551348806-25"}]}
21:17:58.720 INFO - Found handler: org.openqa.selenium.remote.server.ServicedSession@2a51507f
21:17:58.720 INFO - Handler thread for session 8446fed014df7b486e268800d08cf86c (chrome): Executing GET on /session/8446fed014df7b486e268800d08cf86c/element/0.2286012551348806-25/displayed (handler: ServicedSession)
21:17:58.735 INFO - To downstream: {"sessionId":"8446fed014df7b486e268800d08cf86c","status":0,"value":true}
21:18:00.741 INFO - Found handler: org.openqa.selenium.remote.server.ServicedSession@2a51507f
21:18:00.741 INFO - Handler thread for session 8446fed014df7b486e268800d08cf86c (chrome): Executing POST on /session/8446fed014df7b486e268800d08cf86c/element (handler: ServicedSession)
21:18:00.742 INFO - To upstream: {"using":"css selector","value":"#downvote"}
21:18:00.753 INFO - To downstream: {"sessionId":"8446fed014df7b486e268800d08cf86c","status":0,"value":{"ELEMENT":"0.2286012551348806-25"}}
21:18:00.755 INFO - Found handler: org.openqa.selenium.remote.server.ServicedSession@2a51507f
21:18:00.756 INFO - Handler thread for session 8446fed014df7b486e268800d08cf86c (chrome): Executing GET on /session/8446fed014df7b486e268800d08cf86c/element/0.2286012551348806-25/displayed (handler: ServicedSession)
21:18:00.761 INFO - To downstream: {"sessionId":"8446fed014df7b486e268800d08cf86c","status":0,"value":true}
21:18:00.764 INFO - Found handler: org.openqa.selenium.remote.server.ServicedSession@2a51507f
21:18:00.764 INFO - Handler thread for session 8446fed014df7b486e268800d08cf86c (chrome): Executing POST on /session/8446fed014df7b486e268800d08cf86c/element (handler: ServicedSession)
21:18:00.765 INFO - To upstream: {"using":"css selector","value":"#downvote"}
21:18:00.770 INFO - To downstream: {"sessionId":"8446fed014df7b486e268800d08cf86c","status":0,"value":{"ELEMENT":"0.2286012551348806-25"}}
21:18:00.773 INFO - Found handler: org.openqa.selenium.remote.server.ServicedSession@2a51507f
21:18:00.773 INFO - Handler thread for session 8446fed014df7b486e268800d08cf86c (chrome): Executing POST on /session/8446fed014df7b486e268800d08cf86c/element/0.2286012551348806-25/click (handler: ServicedSession)
21:18:00.774 INFO - To upstream: 
21:18:00.808 INFO - To downstream: {"sessionId":"8446fed014df7b486e268800d08cf86c","status":0,"value":null}
21:18:02.818 INFO - Found handler: org.openqa.selenium.remote.server.ServicedSession@2a51507f
21:18:02.818 INFO - Handler thread for session 8446fed014df7b486e268800d08cf86c (chrome): Executing POST on /session/8446fed014df7b486e268800d08cf86c/elements (handler: ServicedSession)
21:18:02.819 INFO - To upstream: {"using":"css selector","value":"#favourite"}
21:18:02.831 INFO - To downstream: {"sessionId":"8446fed014df7b486e268800d08cf86c","status":0,"value":[{"ELEMENT":"0.2286012551348806-26"}]}
21:18:02.834 INFO - Found handler: org.openqa.selenium.remote.server.ServicedSession@2a51507f
21:18:02.834 INFO - Handler thread for session 8446fed014df7b486e268800d08cf86c (chrome): Executing GET on /session/8446fed014df7b486e268800d08cf86c/element/0.2286012551348806-26/displayed (handler: ServicedSession)
21:18:02.844 INFO - To downstream: {"sessionId":"8446fed014df7b486e268800d08cf86c","status":0,"value":true}
21:18:04.855 INFO - Found handler: org.openqa.selenium.remote.server.ServicedSession@2a51507f
21:18:04.855 INFO - Handler thread for session 8446fed014df7b486e268800d08cf86c (chrome): Executing POST on /session/8446fed014df7b486e268800d08cf86c/element (handler: ServicedSession)
21:18:04.857 INFO - To upstream: {"using":"css selector","value":"#favourite"}
21:18:04.871 INFO - To downstream: {"sessionId":"8446fed014df7b486e268800d08cf86c","status":0,"value":{"ELEMENT":"0.2286012551348806-26"}}
21:18:04.874 INFO - Found handler: org.openqa.selenium.remote.server.ServicedSession@2a51507f
21:18:04.874 INFO - Handler thread for session 8446fed014df7b486e268800d08cf86c (chrome): Executing GET on /session/8446fed014df7b486e268800d08cf86c/element/0.2286012551348806-26/displayed (handler: ServicedSession)
21:18:04.880 INFO - To downstream: {"sessionId":"8446fed014df7b486e268800d08cf86c","status":0,"value":true}
21:18:04.888 INFO - Found handler: org.openqa.selenium.remote.server.ServicedSession@2a51507f
21:18:04.888 INFO - Handler thread for session 8446fed014df7b486e268800d08cf86c (chrome): Executing POST on /session/8446fed014df7b486e268800d08cf86c/elements (handler: ServicedSession)
21:18:04.889 INFO - To upstream: {"using":"css selector","value":"#favourite"}
21:18:04.897 INFO - To downstream: {"sessionId":"8446fed014df7b486e268800d08cf86c","status":0,"value":[{"ELEMENT":"0.2286012551348806-26"}]}
21:18:04.902 INFO - Found handler: org.openqa.selenium.remote.server.ServicedSession@2a51507f
21:18:04.902 INFO - Handler thread for session 8446fed014df7b486e268800d08cf86c (chrome): Executing POST on /session/8446fed014df7b486e268800d08cf86c/elements (handler: ServicedSession)
21:18:04.903 INFO - To upstream: {"using":"css selector","value":"#favourite"}
21:18:04.909 INFO - To downstream: {"sessionId":"8446fed014df7b486e268800d08cf86c","status":0,"value":[{"ELEMENT":"0.2286012551348806-26"}]}
21:18:04.912 INFO - Found handler: org.openqa.selenium.remote.server.ServicedSession@2a51507f
21:18:04.912 INFO - Handler thread for session 8446fed014df7b486e268800d08cf86c (chrome): Executing POST on /session/8446fed014df7b486e268800d08cf86c/element (handler: ServicedSession)
21:18:04.913 INFO - To upstream: {"using":"css selector","value":"#favourite"}
21:18:04.923 INFO - To downstream: {"sessionId":"8446fed014df7b486e268800d08cf86c","status":0,"value":{"ELEMENT":"0.2286012551348806-26"}}
21:18:04.926 INFO - Found handler: org.openqa.selenium.remote.server.ServicedSession@2a51507f
21:18:04.926 INFO - Handler thread for session 8446fed014df7b486e268800d08cf86c (chrome): Executing POST on /session/8446fed014df7b486e268800d08cf86c/element/0.2286012551348806-26/click (handler: ServicedSession)
21:18:04.927 INFO - To upstream: 
21:18:04.964 INFO - To downstream: {"sessionId":"8446fed014df7b486e268800d08cf86c","status":0,"value":null}
21:18:06.972 INFO - Found handler: org.openqa.selenium.remote.server.ServicedSession@2a51507f
21:18:06.972 INFO - Handler thread for session 8446fed014df7b486e268800d08cf86c (chrome): Executing POST on /session/8446fed014df7b486e268800d08cf86c/element (handler: ServicedSession)
21:18:06.973 INFO - To upstream: {"using":"css selector","value":".nav-link.dropdown-toggle"}
21:18:06.983 INFO - To downstream: {"sessionId":"8446fed014df7b486e268800d08cf86c","status":0,"value":{"ELEMENT":"0.2286012551348806-27"}}
21:18:06.985 INFO - Found handler: org.openqa.selenium.remote.server.ServicedSession@2a51507f
21:18:06.985 INFO - Handler thread for session 8446fed014df7b486e268800d08cf86c (chrome): Executing POST on /session/8446fed014df7b486e268800d08cf86c/element/0.2286012551348806-27/click (handler: ServicedSession)
21:18:06.986 INFO - To upstream: 
21:18:07.023 INFO - To downstream: {"sessionId":"8446fed014df7b486e268800d08cf86c","status":0,"value":null}
21:18:09.031 INFO - Found handler: org.openqa.selenium.remote.server.ServicedSession@2a51507f
21:18:09.031 INFO - Handler thread for session 8446fed014df7b486e268800d08cf86c (chrome): Executing POST on /session/8446fed014df7b486e268800d08cf86c/element (handler: ServicedSession)
21:18:09.032 INFO - To upstream: {"using":"css selector","value":"#addRecipe"}
21:18:09.044 INFO - To downstream: {"sessionId":"8446fed014df7b486e268800d08cf86c","status":0,"value":{"ELEMENT":"0.2286012551348806-28"}}
21:18:09.047 INFO - Found handler: org.openqa.selenium.remote.server.ServicedSession@2a51507f
21:18:09.047 INFO - Handler thread for session 8446fed014df7b486e268800d08cf86c (chrome): Executing POST on /session/8446fed014df7b486e268800d08cf86c/element/0.2286012551348806-28/click (handler: ServicedSession)
21:18:09.049 INFO - To upstream: 
21:18:09.117 INFO - To downstream: {"sessionId":"8446fed014df7b486e268800d08cf86c","status":0,"value":null}
21:18:11.126 INFO - Found handler: org.openqa.selenium.remote.server.ServicedSession@2a51507f
21:18:11.126 INFO - Handler thread for session 8446fed014df7b486e268800d08cf86c (chrome): Executing POST on /session/8446fed014df7b486e268800d08cf86c/elements (handler: ServicedSession)
21:18:11.127 INFO - To upstream: {"using":"css selector","value":"body"}
21:18:11.133 INFO - To downstream: {"sessionId":"8446fed014df7b486e268800d08cf86c","status":0,"value":[{"ELEMENT":"0.2286012551348806-1"}]}
21:18:11.135 INFO - Found handler: org.openqa.selenium.remote.server.ServicedSession@2a51507f
21:18:11.136 INFO - Handler thread for session 8446fed014df7b486e268800d08cf86c (chrome): Executing GET on /session/8446fed014df7b486e268800d08cf86c/element/0.2286012551348806-1/displayed (handler: ServicedSession)
21:18:11.141 INFO - To downstream: {"sessionId":"8446fed014df7b486e268800d08cf86c","status":0,"value":true}
21:18:16.148 INFO - Found handler: org.openqa.selenium.remote.server.ServicedSession@2a51507f
21:18:16.148 INFO - Handler thread for session 8446fed014df7b486e268800d08cf86c (chrome): Executing POST on /session/8446fed014df7b486e268800d08cf86c/elements (handler: ServicedSession)
21:18:16.151 INFO - To upstream: {"using":"css selector","value":"div#mainContainer"}
21:18:16.164 INFO - To downstream: {"sessionId":"8446fed014df7b486e268800d08cf86c","status":0,"value":[{"ELEMENT":"0.2286012551348806-2"}]}
21:18:16.169 INFO - Found handler: org.openqa.selenium.remote.server.ServicedSession@2a51507f
21:18:16.169 INFO - Handler thread for session 8446fed014df7b486e268800d08cf86c (chrome): Executing GET on /session/8446fed014df7b486e268800d08cf86c/element/0.2286012551348806-2/displayed (handler: ServicedSession)
21:18:16.191 INFO - To downstream: {"sessionId":"8446fed014df7b486e268800d08cf86c","status":0,"value":true}
21:18:21.200 INFO - Found handler: org.openqa.selenium.remote.server.ServicedSession@2a51507f
21:18:21.201 INFO - Handler thread for session 8446fed014df7b486e268800d08cf86c (chrome): Executing POST on /session/8446fed014df7b486e268800d08cf86c/element (handler: ServicedSession)
21:18:21.202 INFO - To upstream: {"using":"css selector","value":"input[type=submit]"}
21:18:21.213 INFO - To downstream: {"sessionId":"8446fed014df7b486e268800d08cf86c","status":0,"value":{"ELEMENT":"0.2286012551348806-29"}}
21:18:21.216 INFO - Found handler: org.openqa.selenium.remote.server.ServicedSession@2a51507f
21:18:21.216 INFO - Handler thread for session 8446fed014df7b486e268800d08cf86c (chrome): Executing POST on /session/8446fed014df7b486e268800d08cf86c/element/0.2286012551348806-29/click (handler: ServicedSession)
21:18:21.216 INFO - To upstream: 
21:18:21.264 INFO - To downstream: {"sessionId":"8446fed014df7b486e268800d08cf86c","status":0,"value":null}
21:18:23.273 INFO - Found handler: org.openqa.selenium.remote.server.ServicedSession@2a51507f
21:18:23.273 INFO - Handler thread for session 8446fed014df7b486e268800d08cf86c (chrome): Executing POST on /session/8446fed014df7b486e268800d08cf86c/element (handler: ServicedSession)
21:18:23.274 INFO - To upstream: {"using":"css selector","value":"input[type=\"file\"]"}
21:18:23.283 INFO - To downstream: {"sessionId":"8446fed014df7b486e268800d08cf86c","status":0,"value":{"ELEMENT":"0.2286012551348806-30"}}
21:18:23.285 INFO - Found handler: org.openqa.selenium.remote.server.ServicedSession@2a51507f
21:18:23.286 INFO - Handler thread for session 8446fed014df7b486e268800d08cf86c (chrome): Executing POST on /session/8446fed014df7b486e268800d08cf86c/element/0.2286012551348806-30/value (handler: ServicedSession)
21:18:23.286 INFO - To upstream: {"value":["/","U","s","e","r","s","/","a","n","d","e","l","a","d","e","v","e","l","o","p","e","r","/","D","e","s","k","t","o","p","/","m","o","r","e","-","r","e","c","i","p","e","s","/","M","o","r","e","-","R","e","c","i","p","e","s","/","c","l","i","e","n","t","/","i","m","a","g","e","s","/","r","e","c","i","p","e","7",".","j","p","g"]}
21:18:23.304 INFO - To downstream: {"sessionId":"8446fed014df7b486e268800d08cf86c","status":0,"value":null}
21:18:25.310 INFO - Found handler: org.openqa.selenium.remote.server.ServicedSession@2a51507f
21:18:25.310 INFO - Handler thread for session 8446fed014df7b486e268800d08cf86c (chrome): Executing POST on /session/8446fed014df7b486e268800d08cf86c/element (handler: ServicedSession)
21:18:25.311 INFO - To upstream: {"using":"css selector","value":"input[name=title]"}
21:18:25.325 INFO - To downstream: {"sessionId":"8446fed014df7b486e268800d08cf86c","status":0,"value":{"ELEMENT":"0.2286012551348806-31"}}
21:18:25.328 INFO - Found handler: org.openqa.selenium.remote.server.ServicedSession@2a51507f
21:18:25.328 INFO - Handler thread for session 8446fed014df7b486e268800d08cf86c (chrome): Executing POST on /session/8446fed014df7b486e268800d08cf86c/element/0.2286012551348806-31/value (handler: ServicedSession)
21:18:25.328 INFO - To upstream: {"value":["C","h","i","e","f"," ","I","n","t","e","g","r","a","t","i","o","n"," ","E","n","g","i","n","e","e","r"]}
21:18:25.502 INFO - To downstream: {"sessionId":"8446fed014df7b486e268800d08cf86c","status":0,"value":null}
21:18:27.510 INFO - Found handler: org.openqa.selenium.remote.server.ServicedSession@2a51507f
21:18:27.510 INFO - Handler thread for session 8446fed014df7b486e268800d08cf86c (chrome): Executing POST on /session/8446fed014df7b486e268800d08cf86c/element (handler: ServicedSession)
21:18:27.511 INFO - To upstream: {"using":"css selector","value":"input[name=ingredients]"}
21:18:27.525 INFO - To downstream: {"sessionId":"8446fed014df7b486e268800d08cf86c","status":0,"value":{"ELEMENT":"0.2286012551348806-32"}}
21:18:27.528 INFO - Found handler: org.openqa.selenium.remote.server.ServicedSession@2a51507f
21:18:27.529 INFO - Handler thread for session 8446fed014df7b486e268800d08cf86c (chrome): Executing POST on /session/8446fed014df7b486e268800d08cf86c/element/0.2286012551348806-32/value (handler: ServicedSession)
21:18:27.530 INFO - To upstream: {"value":["o","f","f","i","c","i","a"," ","q","u","o","s"," ","v","e","r","i","t","a","t","i","s"]}
21:18:27.716 INFO - To downstream: {"sessionId":"8446fed014df7b486e268800d08cf86c","status":0,"value":null}
21:18:29.720 INFO - Found handler: org.openqa.selenium.remote.server.ServicedSession@2a51507f
21:18:29.720 INFO - Handler thread for session 8446fed014df7b486e268800d08cf86c (chrome): Executing POST on /session/8446fed014df7b486e268800d08cf86c/element (handler: ServicedSession)
21:18:29.721 INFO - To upstream: {"using":"css selector","value":"#instructions"}
21:18:29.731 INFO - To downstream: {"sessionId":"8446fed014df7b486e268800d08cf86c","status":0,"value":{"ELEMENT":"0.2286012551348806-33"}}
21:18:29.734 INFO - Found handler: org.openqa.selenium.remote.server.ServicedSession@2a51507f
21:18:29.734 INFO - Handler thread for session 8446fed014df7b486e268800d08cf86c (chrome): Executing POST on /session/8446fed014df7b486e268800d08cf86c/element/0.2286012551348806-33/value (handler: ServicedSession)
21:18:29.735 INFO - To upstream: {"value":["R","e","p","u","d","i","a","n","d","a","e"," ","r","e","c","u","s","a","n","d","a","e"," ","a","l","i","q","u","i","d"," ","o","f","f","i","c","i","i","s"," ","a","s","p","e","r","i","o","r","e","s"," ","q","u","i","d","e","m"," ","c","u","m","q","u","e"," ","r","e","r","u","m","."]}
21:18:30.092 INFO - To downstream: {"sessionId":"8446fed014df7b486e268800d08cf86c","status":0,"value":null}
21:18:32.099 INFO - Found handler: org.openqa.selenium.remote.server.ServicedSession@2a51507f
21:18:32.099 INFO - Handler thread for session 8446fed014df7b486e268800d08cf86c (chrome): Executing POST on /session/8446fed014df7b486e268800d08cf86c/element (handler: ServicedSession)
21:18:32.101 INFO - To upstream: {"using":"css selector","value":"input[type=submit]"}
21:18:32.111 INFO - To downstream: {"sessionId":"8446fed014df7b486e268800d08cf86c","status":0,"value":{"ELEMENT":"0.2286012551348806-29"}}
21:18:32.114 INFO - Found handler: org.openqa.selenium.remote.server.ServicedSession@2a51507f
21:18:32.115 INFO - Handler thread for session 8446fed014df7b486e268800d08cf86c (chrome): Executing POST on /session/8446fed014df7b486e268800d08cf86c/element/0.2286012551348806-29/click (handler: ServicedSession)
21:18:32.115 INFO - To upstream: 
21:18:32.152 INFO - To downstream: {"sessionId":"8446fed014df7b486e268800d08cf86c","status":0,"value":null}
21:18:34.162 INFO - Found handler: org.openqa.selenium.remote.server.ServicedSession@2a51507f
21:18:34.162 INFO - Handler thread for session 8446fed014df7b486e268800d08cf86c (chrome): Executing POST on /session/8446fed014df7b486e268800d08cf86c/elements (handler: ServicedSession)
21:18:34.162 INFO - To upstream: {"using":"css selector","value":"#userRecipePage"}
21:18:34.173 INFO - To downstream: {"sessionId":"8446fed014df7b486e268800d08cf86c","status":0,"value":[]}
21:18:34.679 INFO - Found handler: org.openqa.selenium.remote.server.ServicedSession@2a51507f
21:18:34.679 INFO - Handler thread for session 8446fed014df7b486e268800d08cf86c (chrome): Executing POST on /session/8446fed014df7b486e268800d08cf86c/elements (handler: ServicedSession)
21:18:34.680 INFO - To upstream: {"using":"css selector","value":"#userRecipePage"}
21:18:34.686 INFO - To downstream: {"sessionId":"8446fed014df7b486e268800d08cf86c","status":0,"value":[]}
21:18:35.191 INFO - Found handler: org.openqa.selenium.remote.server.ServicedSession@2a51507f
21:18:35.191 INFO - Handler thread for session 8446fed014df7b486e268800d08cf86c (chrome): Executing POST on /session/8446fed014df7b486e268800d08cf86c/elements (handler: ServicedSession)
21:18:35.193 INFO - To upstream: {"using":"css selector","value":"#userRecipePage"}
21:18:35.198 INFO - To downstream: {"sessionId":"8446fed014df7b486e268800d08cf86c","status":0,"value":[]}
21:18:35.706 INFO - Found handler: org.openqa.selenium.remote.server.ServicedSession@2a51507f
21:18:35.706 INFO - Handler thread for session 8446fed014df7b486e268800d08cf86c (chrome): Executing POST on /session/8446fed014df7b486e268800d08cf86c/elements (handler: ServicedSession)
21:18:35.707 INFO - To upstream: {"using":"css selector","value":"#userRecipePage"}
21:18:35.712 INFO - To downstream: {"sessionId":"8446fed014df7b486e268800d08cf86c","status":0,"value":[]}
21:18:36.221 INFO - Found handler: org.openqa.selenium.remote.server.ServicedSession@2a51507f
21:18:36.221 INFO - Handler thread for session 8446fed014df7b486e268800d08cf86c (chrome): Executing POST on /session/8446fed014df7b486e268800d08cf86c/elements (handler: ServicedSession)
21:18:36.222 INFO - To upstream: {"using":"css selector","value":"#userRecipePage"}
21:18:36.227 INFO - To downstream: {"sessionId":"8446fed014df7b486e268800d08cf86c","status":0,"value":[]}
21:18:36.734 INFO - Found handler: org.openqa.selenium.remote.server.ServicedSession@2a51507f
21:18:36.734 INFO - Handler thread for session 8446fed014df7b486e268800d08cf86c (chrome): Executing POST on /session/8446fed014df7b486e268800d08cf86c/elements (handler: ServicedSession)
21:18:36.735 INFO - To upstream: {"using":"css selector","value":"#userRecipePage"}
21:18:36.742 INFO - To downstream: {"sessionId":"8446fed014df7b486e268800d08cf86c","status":0,"value":[{"ELEMENT":"0.2286012551348806-34"}]}
21:18:36.744 INFO - Found handler: org.openqa.selenium.remote.server.ServicedSession@2a51507f
21:18:36.744 INFO - Handler thread for session 8446fed014df7b486e268800d08cf86c (chrome): Executing GET on /session/8446fed014df7b486e268800d08cf86c/element/0.2286012551348806-34/displayed (handler: ServicedSession)
21:18:36.754 INFO - To downstream: {"sessionId":"8446fed014df7b486e268800d08cf86c","status":0,"value":true}
21:18:38.764 INFO - Found handler: org.openqa.selenium.remote.server.ServicedSession@2a51507f
21:18:38.764 INFO - Handler thread for session 8446fed014df7b486e268800d08cf86c (chrome): Executing POST on /session/8446fed014df7b486e268800d08cf86c/element (handler: ServicedSession)
21:18:38.765 INFO - To upstream: {"using":"css selector","value":".nav-link.dropdown-toggle"}
21:18:38.770 INFO - To downstream: {"sessionId":"8446fed014df7b486e268800d08cf86c","status":0,"value":{"ELEMENT":"0.2286012551348806-35"}}
21:18:38.772 INFO - Found handler: org.openqa.selenium.remote.server.ServicedSession@2a51507f
21:18:38.773 INFO - Handler thread for session 8446fed014df7b486e268800d08cf86c (chrome): Executing POST on /session/8446fed014df7b486e268800d08cf86c/element/0.2286012551348806-35/click (handler: ServicedSession)
21:18:38.774 INFO - To upstream: 
21:18:38.812 INFO - To downstream: {"sessionId":"8446fed014df7b486e268800d08cf86c","status":0,"value":null}
21:18:40.820 INFO - Found handler: org.openqa.selenium.remote.server.ServicedSession@2a51507f
21:18:40.820 INFO - Handler thread for session 8446fed014df7b486e268800d08cf86c (chrome): Executing POST on /session/8446fed014df7b486e268800d08cf86c/element (handler: ServicedSession)
21:18:40.821 INFO - To upstream: {"using":"css selector","value":"#favouriteRecipe"}
21:18:40.831 INFO - To downstream: {"sessionId":"8446fed014df7b486e268800d08cf86c","status":0,"value":{"ELEMENT":"0.2286012551348806-36"}}
21:18:40.834 INFO - Found handler: org.openqa.selenium.remote.server.ServicedSession@2a51507f
21:18:40.834 INFO - Handler thread for session 8446fed014df7b486e268800d08cf86c (chrome): Executing POST on /session/8446fed014df7b486e268800d08cf86c/element/0.2286012551348806-36/click (handler: ServicedSession)
21:18:40.834 INFO - To upstream: 
21:18:40.883 INFO - To downstream: {"sessionId":"8446fed014df7b486e268800d08cf86c","status":0,"value":null}
21:18:42.890 INFO - Found handler: org.openqa.selenium.remote.server.ServicedSession@2a51507f
21:18:42.891 INFO - Handler thread for session 8446fed014df7b486e268800d08cf86c (chrome): Executing POST on /session/8446fed014df7b486e268800d08cf86c/elements (handler: ServicedSession)
21:18:42.892 INFO - To upstream: {"using":"css selector","value":"body"}
21:18:42.902 INFO - To downstream: {"sessionId":"8446fed014df7b486e268800d08cf86c","status":0,"value":[{"ELEMENT":"0.2286012551348806-1"}]}
21:18:42.904 INFO - Found handler: org.openqa.selenium.remote.server.ServicedSession@2a51507f
21:18:42.904 INFO - Handler thread for session 8446fed014df7b486e268800d08cf86c (chrome): Executing GET on /session/8446fed014df7b486e268800d08cf86c/element/0.2286012551348806-1/displayed (handler: ServicedSession)
21:18:42.913 INFO - To downstream: {"sessionId":"8446fed014df7b486e268800d08cf86c","status":0,"value":true}
21:18:44.918 INFO - Found handler: org.openqa.selenium.remote.server.ServicedSession@2a51507f
21:18:44.918 INFO - Handler thread for session 8446fed014df7b486e268800d08cf86c (chrome): Executing POST on /session/8446fed014df7b486e268800d08cf86c/elements (handler: ServicedSession)
21:18:44.919 INFO - To upstream: {"using":"css selector","value":"div#mainContainer"}
21:18:44.929 INFO - To downstream: {"sessionId":"8446fed014df7b486e268800d08cf86c","status":0,"value":[{"ELEMENT":"0.2286012551348806-2"}]}
21:18:44.932 INFO - Found handler: org.openqa.selenium.remote.server.ServicedSession@2a51507f
21:18:44.932 INFO - Handler thread for session 8446fed014df7b486e268800d08cf86c (chrome): Executing GET on /session/8446fed014df7b486e268800d08cf86c/element/0.2286012551348806-2/displayed (handler: ServicedSession)
21:18:44.942 INFO - To downstream: {"sessionId":"8446fed014df7b486e268800d08cf86c","status":0,"value":true}
21:18:46.947 INFO - Found handler: org.openqa.selenium.remote.server.ServicedSession@2a51507f
21:18:46.947 INFO - Handler thread for session 8446fed014df7b486e268800d08cf86c (chrome): Executing POST on /session/8446fed014df7b486e268800d08cf86c/element (handler: ServicedSession)
21:18:46.948 INFO - To upstream: {"using":"css selector","value":".btn.btn-outline-info.ml-2"}
21:18:46.959 INFO - To downstream: {"sessionId":"8446fed014df7b486e268800d08cf86c","status":0,"value":{"ELEMENT":"0.2286012551348806-37"}}
21:18:46.961 INFO - Found handler: org.openqa.selenium.remote.server.ServicedSession@2a51507f
21:18:46.962 INFO - Handler thread for session 8446fed014df7b486e268800d08cf86c (chrome): Executing POST on /session/8446fed014df7b486e268800d08cf86c/element/0.2286012551348806-37/click (handler: ServicedSession)
21:18:46.962 INFO - To upstream: 
21:18:47.010 INFO - To downstream: {"sessionId":"8446fed014df7b486e268800d08cf86c","status":0,"value":null}
21:18:49.013 INFO - Found handler: org.openqa.selenium.remote.server.ServicedSession@2a51507f
21:18:49.013 INFO - Handler thread for session 8446fed014df7b486e268800d08cf86c (chrome): Executing POST on /session/8446fed014df7b486e268800d08cf86c/element (handler: ServicedSession)
21:18:49.014 INFO - To upstream: {"using":"css selector","value":".react-confirm-alert-button-group > button:nth-child(2)"}
21:18:49.025 INFO - To downstream: {"sessionId":"8446fed014df7b486e268800d08cf86c","status":0,"value":{"ELEMENT":"0.2286012551348806-38"}}
21:18:49.029 INFO - Found handler: org.openqa.selenium.remote.server.ServicedSession@2a51507f
21:18:49.030 INFO - Handler thread for session 8446fed014df7b486e268800d08cf86c (chrome): Executing POST on /session/8446fed014df7b486e268800d08cf86c/element/0.2286012551348806-38/click (handler: ServicedSession)
21:18:49.030 INFO - To upstream: 
21:18:49.070 INFO - To downstream: {"sessionId":"8446fed014df7b486e268800d08cf86c","status":0,"value":null}
21:18:51.080 INFO - Found handler: org.openqa.selenium.remote.server.ServicedSession@2a51507f
21:18:51.080 INFO - Handler thread for session 8446fed014df7b486e268800d08cf86c (chrome): Executing POST on /session/8446fed014df7b486e268800d08cf86c/element (handler: ServicedSession)
21:18:51.081 INFO - To upstream: {"using":"css selector","value":".nav-link.dropdown-toggle"}
21:18:51.087 INFO - To downstream: {"sessionId":"8446fed014df7b486e268800d08cf86c","status":0,"value":{"ELEMENT":"0.2286012551348806-39"}}
21:18:51.089 INFO - Found handler: org.openqa.selenium.remote.server.ServicedSession@2a51507f
21:18:51.090 INFO - Handler thread for session 8446fed014df7b486e268800d08cf86c (chrome): Executing POST on /session/8446fed014df7b486e268800d08cf86c/element/0.2286012551348806-39/click (handler: ServicedSession)
21:18:51.091 INFO - To upstream: 
21:18:51.131 INFO - To downstream: {"sessionId":"8446fed014df7b486e268800d08cf86c","status":0,"value":null}
21:18:53.140 INFO - Found handler: org.openqa.selenium.remote.server.ServicedSession@2a51507f
21:18:53.140 INFO - Handler thread for session 8446fed014df7b486e268800d08cf86c (chrome): Executing POST on /session/8446fed014df7b486e268800d08cf86c/element (handler: ServicedSession)
21:18:53.141 INFO - To upstream: {"using":"css selector","value":"#addRecipe"}
21:18:53.152 INFO - To downstream: {"sessionId":"8446fed014df7b486e268800d08cf86c","status":0,"value":{"ELEMENT":"0.2286012551348806-40"}}
21:18:53.154 INFO - Found handler: org.openqa.selenium.remote.server.ServicedSession@2a51507f
21:18:53.154 INFO - Handler thread for session 8446fed014df7b486e268800d08cf86c (chrome): Executing POST on /session/8446fed014df7b486e268800d08cf86c/element/0.2286012551348806-40/click (handler: ServicedSession)
21:18:53.155 INFO - To upstream: 
21:18:53.208 INFO - To downstream: {"sessionId":"8446fed014df7b486e268800d08cf86c","status":0,"value":null}
21:18:55.212 INFO - Found handler: org.openqa.selenium.remote.server.ServicedSession@2a51507f
21:18:55.212 INFO - Handler thread for session 8446fed014df7b486e268800d08cf86c (chrome): Executing POST on /session/8446fed014df7b486e268800d08cf86c/elements (handler: ServicedSession)
21:18:55.215 INFO - To upstream: {"using":"css selector","value":"#instructions"}
21:18:55.226 INFO - To downstream: {"sessionId":"8446fed014df7b486e268800d08cf86c","status":0,"value":[{"ELEMENT":"0.2286012551348806-41"}]}
21:18:55.228 INFO - Found handler: org.openqa.selenium.remote.server.ServicedSession@2a51507f
21:18:55.228 INFO - Handler thread for session 8446fed014df7b486e268800d08cf86c (chrome): Executing GET on /session/8446fed014df7b486e268800d08cf86c/element/0.2286012551348806-41/displayed (handler: ServicedSession)
21:18:55.239 INFO - To downstream: {"sessionId":"8446fed014df7b486e268800d08cf86c","status":0,"value":true}
21:18:57.243 INFO - Found handler: org.openqa.selenium.remote.server.ServicedSession@2a51507f
21:18:57.243 INFO - Handler thread for session 8446fed014df7b486e268800d08cf86c (chrome): Executing POST on /session/8446fed014df7b486e268800d08cf86c/element (handler: ServicedSession)
21:18:57.244 INFO - To upstream: {"using":"css selector","value":"input[type=\"file\"]"}
21:18:57.251 INFO - To downstream: {"sessionId":"8446fed014df7b486e268800d08cf86c","status":0,"value":{"ELEMENT":"0.2286012551348806-42"}}
21:18:57.253 INFO - Found handler: org.openqa.selenium.remote.server.ServicedSession@2a51507f
21:18:57.254 INFO - Handler thread for session 8446fed014df7b486e268800d08cf86c (chrome): Executing POST on /session/8446fed014df7b486e268800d08cf86c/element/0.2286012551348806-42/value (handler: ServicedSession)
21:18:57.254 INFO - To upstream: {"value":["/","U","s","e","r","s","/","a","n","d","e","l","a","d","e","v","e","l","o","p","e","r","/","D","e","s","k","t","o","p","/","m","o","r","e","-","r","e","c","i","p","e","s","/","M","o","r","e","-","R","e","c","i","p","e","s","/","c","l","i","e","n","t","/","i","m","a","g","e","s","/","r","e","c","i","p","e","7",".","j","p","g"]}
21:18:57.271 INFO - To downstream: {"sessionId":"8446fed014df7b486e268800d08cf86c","status":0,"value":null}
21:18:59.279 INFO - Found handler: org.openqa.selenium.remote.server.ServicedSession@2a51507f
21:18:59.279 INFO - Handler thread for session 8446fed014df7b486e268800d08cf86c (chrome): Executing POST on /session/8446fed014df7b486e268800d08cf86c/element (handler: ServicedSession)
21:18:59.280 INFO - To upstream: {"using":"css selector","value":"input[name=title]"}
21:18:59.288 INFO - To downstream: {"sessionId":"8446fed014df7b486e268800d08cf86c","status":0,"value":{"ELEMENT":"0.2286012551348806-43"}}
21:18:59.290 INFO - Found handler: org.openqa.selenium.remote.server.ServicedSession@2a51507f
21:18:59.290 INFO - Handler thread for session 8446fed014df7b486e268800d08cf86c (chrome): Executing POST on /session/8446fed014df7b486e268800d08cf86c/element/0.2286012551348806-43/value (handler: ServicedSession)
21:18:59.291 INFO - To upstream: {"value":["D","i","r","e","c","t"," ","I","n","t","e","r","a","c","t","i","o","n","s"," ","S","u","p","e","r","v","i","s","o","r"]}
21:18:59.464 INFO - To downstream: {"sessionId":"8446fed014df7b486e268800d08cf86c","status":0,"value":null}
21:19:01.470 INFO - Found handler: org.openqa.selenium.remote.server.ServicedSession@2a51507f
21:19:01.470 INFO - Handler thread for session 8446fed014df7b486e268800d08cf86c (chrome): Executing POST on /session/8446fed014df7b486e268800d08cf86c/element (handler: ServicedSession)
21:19:01.471 INFO - To upstream: {"using":"css selector","value":"input[name=ingredients]"}
21:19:01.477 INFO - To downstream: {"sessionId":"8446fed014df7b486e268800d08cf86c","status":0,"value":{"ELEMENT":"0.2286012551348806-44"}}
21:19:01.481 INFO - Found handler: org.openqa.selenium.remote.server.ServicedSession@2a51507f
21:19:01.481 INFO - Handler thread for session 8446fed014df7b486e268800d08cf86c (chrome): Executing POST on /session/8446fed014df7b486e268800d08cf86c/element/0.2286012551348806-44/value (handler: ServicedSession)
21:19:01.482 INFO - To upstream: {"value":["o","f","f","i","c","i","a"," ","q","u","o","s"," ","v","e","r","i","t","a","t","i","s"]}
21:19:01.610 INFO - To downstream: {"sessionId":"8446fed014df7b486e268800d08cf86c","status":0,"value":null}
21:19:03.617 INFO - Found handler: org.openqa.selenium.remote.server.ServicedSession@2a51507f
21:19:03.617 INFO - Handler thread for session 8446fed014df7b486e268800d08cf86c (chrome): Executing POST on /session/8446fed014df7b486e268800d08cf86c/element (handler: ServicedSession)
21:19:03.618 INFO - To upstream: {"using":"css selector","value":"#instructions"}
21:19:03.628 INFO - To downstream: {"sessionId":"8446fed014df7b486e268800d08cf86c","status":0,"value":{"ELEMENT":"0.2286012551348806-41"}}
21:19:03.630 INFO - Found handler: org.openqa.selenium.remote.server.ServicedSession@2a51507f
21:19:03.631 INFO - Handler thread for session 8446fed014df7b486e268800d08cf86c (chrome): Executing POST on /session/8446fed014df7b486e268800d08cf86c/element/0.2286012551348806-41/value (handler: ServicedSession)
21:19:03.631 INFO - To upstream: {"value":["t","o","t","a","m"]}
21:19:03.677 INFO - To downstream: {"sessionId":"8446fed014df7b486e268800d08cf86c","status":0,"value":null}
21:19:05.684 INFO - Found handler: org.openqa.selenium.remote.server.ServicedSession@2a51507f
21:19:05.684 INFO - Handler thread for session 8446fed014df7b486e268800d08cf86c (chrome): Executing POST on /session/8446fed014df7b486e268800d08cf86c/element (handler: ServicedSession)
21:19:05.686 INFO - To upstream: {"using":"css selector","value":"input[type=submit]"}
21:19:05.691 INFO - To downstream: {"sessionId":"8446fed014df7b486e268800d08cf86c","status":0,"value":{"ELEMENT":"0.2286012551348806-45"}}
21:19:05.693 INFO - Found handler: org.openqa.selenium.remote.server.ServicedSession@2a51507f
21:19:05.693 INFO - Handler thread for session 8446fed014df7b486e268800d08cf86c (chrome): Executing POST on /session/8446fed014df7b486e268800d08cf86c/element/0.2286012551348806-45/click (handler: ServicedSession)
21:19:05.694 INFO - To upstream: 
21:19:05.734 INFO - To downstream: {"sessionId":"8446fed014df7b486e268800d08cf86c","status":0,"value":null}
21:19:07.739 INFO - Found handler: org.openqa.selenium.remote.server.ServicedSession@2a51507f
21:19:07.739 INFO - Handler thread for session 8446fed014df7b486e268800d08cf86c (chrome): Executing POST on /session/8446fed014df7b486e268800d08cf86c/elements (handler: ServicedSession)
21:19:07.740 INFO - To upstream: {"using":"css selector","value":"#editRecipe"}
21:19:07.763 INFO - To downstream: {"sessionId":"8446fed014df7b486e268800d08cf86c","status":0,"value":[{"ELEMENT":"0.2286012551348806-46"},{"ELEMENT":"0.2286012551348806-47"}]}
21:19:07.766 INFO - Found handler: org.openqa.selenium.remote.server.ServicedSession@2a51507f
21:19:07.767 INFO - Handler thread for session 8446fed014df7b486e268800d08cf86c (chrome): Executing GET on /session/8446fed014df7b486e268800d08cf86c/element/0.2286012551348806-46/displayed (handler: ServicedSession)
21:19:07.781 INFO - To downstream: {"sessionId":"8446fed014df7b486e268800d08cf86c","status":0,"value":true}
21:19:07.783 INFO - Found handler: org.openqa.selenium.remote.server.ServicedSession@2a51507f
21:19:07.784 INFO - Handler thread for session 8446fed014df7b486e268800d08cf86c (chrome): Executing POST on /session/8446fed014df7b486e268800d08cf86c/element (handler: ServicedSession)
21:19:07.784 INFO - To upstream: {"using":"css selector","value":"#editRecipe"}
21:19:07.794 INFO - To downstream: {"sessionId":"8446fed014df7b486e268800d08cf86c","status":0,"value":{"ELEMENT":"0.2286012551348806-46"}}
21:19:07.798 INFO - Found handler: org.openqa.selenium.remote.server.ServicedSession@2a51507f
21:19:07.798 INFO - Handler thread for session 8446fed014df7b486e268800d08cf86c (chrome): Executing POST on /session/8446fed014df7b486e268800d08cf86c/element/0.2286012551348806-46/click (handler: ServicedSession)
21:19:07.799 INFO - To upstream: 
21:19:07.871 INFO - To downstream: {"sessionId":"8446fed014df7b486e268800d08cf86c","status":0,"value":null}
21:19:09.880 INFO - Found handler: org.openqa.selenium.remote.server.ServicedSession@2a51507f
21:19:09.880 INFO - Handler thread for session 8446fed014df7b486e268800d08cf86c (chrome): Executing POST on /session/8446fed014df7b486e268800d08cf86c/element (handler: ServicedSession)
21:19:09.881 INFO - To upstream: {"using":"css selector","value":"input[type=submit]"}
21:19:09.891 INFO - To downstream: {"sessionId":"8446fed014df7b486e268800d08cf86c","status":0,"value":{"ELEMENT":"0.2286012551348806-48"}}
21:19:09.896 INFO - Found handler: org.openqa.selenium.remote.server.ServicedSession@2a51507f
21:19:09.896 INFO - Handler thread for session 8446fed014df7b486e268800d08cf86c (chrome): Executing POST on /session/8446fed014df7b486e268800d08cf86c/element/0.2286012551348806-48/click (handler: ServicedSession)
21:19:09.897 INFO - To upstream: 
21:19:09.960 INFO - To downstream: {"sessionId":"8446fed014df7b486e268800d08cf86c","status":0,"value":null}
21:19:11.970 INFO - Found handler: org.openqa.selenium.remote.server.ServicedSession@2a51507f
21:19:11.970 INFO - Handler thread for session 8446fed014df7b486e268800d08cf86c (chrome): Executing POST on /session/8446fed014df7b486e268800d08cf86c/element (handler: ServicedSession)
21:19:11.971 INFO - To upstream: {"using":"css selector","value":".nav-link.dropdown-toggle"}
21:19:11.984 INFO - To downstream: {"sessionId":"8446fed014df7b486e268800d08cf86c","status":0,"value":{"ELEMENT":"0.2286012551348806-49"}}
21:19:11.986 INFO - Found handler: org.openqa.selenium.remote.server.ServicedSession@2a51507f
21:19:11.986 INFO - Handler thread for session 8446fed014df7b486e268800d08cf86c (chrome): Executing POST on /session/8446fed014df7b486e268800d08cf86c/element/0.2286012551348806-49/click (handler: ServicedSession)
21:19:11.987 INFO - To upstream: 
21:19:12.020 INFO - To downstream: {"sessionId":"8446fed014df7b486e268800d08cf86c","status":0,"value":null}
21:19:14.024 INFO - Found handler: org.openqa.selenium.remote.server.ServicedSession@2a51507f
21:19:14.025 INFO - Handler thread for session 8446fed014df7b486e268800d08cf86c (chrome): Executing POST on /session/8446fed014df7b486e268800d08cf86c/element (handler: ServicedSession)
21:19:14.026 INFO - To upstream: {"using":"css selector","value":"#editProfile"}
21:19:14.899 INFO - To downstream: {"sessionId":"8446fed014df7b486e268800d08cf86c","status":0,"value":{"ELEMENT":"0.7200597634461667-1"}}
21:19:14.901 INFO - Found handler: org.openqa.selenium.remote.server.ServicedSession@2a51507f
21:19:14.901 INFO - Handler thread for session 8446fed014df7b486e268800d08cf86c (chrome): Executing POST on /session/8446fed014df7b486e268800d08cf86c/element/0.7200597634461667-1/click (handler: ServicedSession)
21:19:14.902 INFO - To upstream: 
21:19:14.931 INFO - To downstream: {"sessionId":"8446fed014df7b486e268800d08cf86c","status":11,"value":{"message":"element not visible\n  (Session info: chrome=64.0.3282.186)\n  (Driver info: chromedriver=2.36.540469 (1881fd7f8641508feb5166b7cae561d87723cfa8),platform=Mac OS X 10.12.6 x86_64)"}}
21:19:16.939 INFO - Found handler: org.openqa.selenium.remote.server.ServicedSession@2a51507f
21:19:16.939 INFO - Handler thread for session 8446fed014df7b486e268800d08cf86c (chrome): Executing POST on /session/8446fed014df7b486e268800d08cf86c/elements (handler: ServicedSession)
21:19:16.940 INFO - To upstream: {"using":"css selector","value":"body"}
21:19:16.950 INFO - To downstream: {"sessionId":"8446fed014df7b486e268800d08cf86c","status":0,"value":[{"ELEMENT":"0.7200597634461667-2"}]}
21:19:16.952 INFO - Found handler: org.openqa.selenium.remote.server.ServicedSession@2a51507f
21:19:16.952 INFO - Handler thread for session 8446fed014df7b486e268800d08cf86c (chrome): Executing GET on /session/8446fed014df7b486e268800d08cf86c/element/0.7200597634461667-2/displayed (handler: ServicedSession)
21:19:16.961 INFO - To downstream: {"sessionId":"8446fed014df7b486e268800d08cf86c","status":0,"value":true}
21:19:18.968 INFO - Found handler: org.openqa.selenium.remote.server.ServicedSession@2a51507f
21:19:18.968 INFO - Handler thread for session 8446fed014df7b486e268800d08cf86c (chrome): Executing POST on /session/8446fed014df7b486e268800d08cf86c/elements (handler: ServicedSession)
21:19:18.969 INFO - To upstream: {"using":"css selector","value":"div#mainContainer"}
21:19:18.978 INFO - To downstream: {"sessionId":"8446fed014df7b486e268800d08cf86c","status":0,"value":[{"ELEMENT":"0.7200597634461667-3"}]}
21:19:18.980 INFO - Found handler: org.openqa.selenium.remote.server.ServicedSession@2a51507f
21:19:18.980 INFO - Handler thread for session 8446fed014df7b486e268800d08cf86c (chrome): Executing GET on /session/8446fed014df7b486e268800d08cf86c/element/0.7200597634461667-3/displayed (handler: ServicedSession)
21:19:18.993 INFO - To downstream: {"sessionId":"8446fed014df7b486e268800d08cf86c","status":0,"value":true}
21:19:20.998 INFO - Found handler: org.openqa.selenium.remote.server.ServicedSession@2a51507f
21:19:20.999 INFO - Handler thread for session 8446fed014df7b486e268800d08cf86c (chrome): Executing POST on /session/8446fed014df7b486e268800d08cf86c/element (handler: ServicedSession)
21:19:20.999 INFO - To upstream: {"using":"css selector","value":"input[name=firstName]"}
21:19:21.014 INFO - To downstream: {"sessionId":"8446fed014df7b486e268800d08cf86c","status":7,"value":{"message":"no such element: Unable to locate element: {\"method\":\"css selector\",\"selector\":\"input[name=firstName]\"}\n  (Session info: chrome=64.0.3282.186)\n  (Driver info: chromedriver=2.36.540469 (1881fd7f8641508feb5166b7cae561d87723cfa8),platform=Mac OS X 10.12.6 x86_64)"}}
21:19:21.222 INFO - Found handler: org.openqa.selenium.remote.server.ServicedSession@2a51507f
21:19:21.222 INFO - Handler thread for session 8446fed014df7b486e268800d08cf86c (chrome): Executing POST on /session/8446fed014df7b486e268800d08cf86c/element (handler: ServicedSession)
21:19:21.223 INFO - To upstream: {"using":"css selector","value":"input[name=firstName]"}
21:19:21.230 INFO - To downstream: {"sessionId":"8446fed014df7b486e268800d08cf86c","status":7,"value":{"message":"no such element: Unable to locate element: {\"method\":\"css selector\",\"selector\":\"input[name=firstName]\"}\n  (Session info: chrome=64.0.3282.186)\n  (Driver info: chromedriver=2.36.540469 (1881fd7f8641508feb5166b7cae561d87723cfa8),platform=Mac OS X 10.12.6 x86_64)"}}
21:19:21.434 INFO - Found handler: org.openqa.selenium.remote.server.ServicedSession@2a51507f
21:19:21.434 INFO - Handler thread for session 8446fed014df7b486e268800d08cf86c (chrome): Executing POST on /session/8446fed014df7b486e268800d08cf86c/element (handler: ServicedSession)
21:19:21.435 INFO - To upstream: {"using":"css selector","value":"input[name=lastName]"}
21:19:21.448 INFO - To downstream: {"sessionId":"8446fed014df7b486e268800d08cf86c","status":7,"value":{"message":"no such element: Unable to locate element: {\"method\":\"css selector\",\"selector\":\"input[name=lastName]\"}\n  (Session info: chrome=64.0.3282.186)\n  (Driver info: chromedriver=2.36.540469 (1881fd7f8641508feb5166b7cae561d87723cfa8),platform=Mac OS X 10.12.6 x86_64)"}}
21:19:21.655 INFO - Found handler: org.openqa.selenium.remote.server.ServicedSession@2a51507f
21:19:21.655 INFO - Handler thread for session 8446fed014df7b486e268800d08cf86c (chrome): Executing POST on /session/8446fed014df7b486e268800d08cf86c/element (handler: ServicedSession)
21:19:21.656 INFO - To upstream: {"using":"css selector","value":"input[type=submit]"}
21:19:21.668 INFO - To downstream: {"sessionId":"8446fed014df7b486e268800d08cf86c","status":7,"value":{"message":"no such element: Unable to locate element: {\"method\":\"css selector\",\"selector\":\"input[type=submit]\"}\n  (Session info: chrome=64.0.3282.186)\n  (Driver info: chromedriver=2.36.540469 (1881fd7f8641508feb5166b7cae561d87723cfa8),platform=Mac OS X 10.12.6 x86_64)"}}
21:19:23.676 INFO - Found handler: org.openqa.selenium.remote.server.ServicedSession@2a51507f
21:19:23.677 INFO - Handler thread for session 8446fed014df7b486e268800d08cf86c (chrome): Executing POST on /session/8446fed014df7b486e268800d08cf86c/element (handler: ServicedSession)
21:19:23.677 INFO - To upstream: {"using":"css selector","value":".nav-link.dropdown-toggle"}
21:19:23.684 INFO - To downstream: {"sessionId":"8446fed014df7b486e268800d08cf86c","status":0,"value":{"ELEMENT":"0.8909270289640279-1"}}
21:19:23.686 INFO - Found handler: org.openqa.selenium.remote.server.ServicedSession@2a51507f
21:19:23.686 INFO - Handler thread for session 8446fed014df7b486e268800d08cf86c (chrome): Executing POST on /session/8446fed014df7b486e268800d08cf86c/element/0.8909270289640279-1/click (handler: ServicedSession)
21:19:23.687 INFO - To upstream: 
21:19:23.745 INFO - To downstream: {"sessionId":"8446fed014df7b486e268800d08cf86c","status":0,"value":null}
21:19:25.751 INFO - Found handler: org.openqa.selenium.remote.server.ServicedSession@2a51507f
21:19:25.751 INFO - Handler thread for session 8446fed014df7b486e268800d08cf86c (chrome): Executing POST on /session/8446fed014df7b486e268800d08cf86c/element (handler: ServicedSession)
21:19:25.752 INFO - To upstream: {"using":"css selector","value":"#editPassword"}
21:19:25.767 INFO - To downstream: {"sessionId":"8446fed014df7b486e268800d08cf86c","status":0,"value":{"ELEMENT":"0.513720595803679-1"}}
21:19:25.769 INFO - Found handler: org.openqa.selenium.remote.server.ServicedSession@2a51507f
21:19:25.770 INFO - Handler thread for session 8446fed014df7b486e268800d08cf86c (chrome): Executing POST on /session/8446fed014df7b486e268800d08cf86c/element/0.513720595803679-1/click (handler: ServicedSession)
21:19:25.770 INFO - To upstream: 
21:19:25.784 INFO - To downstream: {"sessionId":"8446fed014df7b486e268800d08cf86c","status":11,"value":{"message":"element not visible\n  (Session info: chrome=64.0.3282.186)\n  (Driver info: chromedriver=2.36.540469 (1881fd7f8641508feb5166b7cae561d87723cfa8),platform=Mac OS X 10.12.6 x86_64)"}}
21:19:27.793 INFO - Found handler: org.openqa.selenium.remote.server.ServicedSession@2a51507f
21:19:27.793 INFO - Handler thread for session 8446fed014df7b486e268800d08cf86c (chrome): Executing POST on /session/8446fed014df7b486e268800d08cf86c/elements (handler: ServicedSession)
21:19:27.794 INFO - To upstream: {"using":"css selector","value":"body"}
21:19:27.801 INFO - To downstream: {"sessionId":"8446fed014df7b486e268800d08cf86c","status":0,"value":[{"ELEMENT":"0.513720595803679-2"}]}
21:19:27.804 INFO - Found handler: org.openqa.selenium.remote.server.ServicedSession@2a51507f
21:19:27.805 INFO - Handler thread for session 8446fed014df7b486e268800d08cf86c (chrome): Executing GET on /session/8446fed014df7b486e268800d08cf86c/element/0.513720595803679-2/displayed (handler: ServicedSession)
21:19:27.818 INFO - To downstream: {"sessionId":"8446fed014df7b486e268800d08cf86c","status":0,"value":true}
21:19:29.828 INFO - Found handler: org.openqa.selenium.remote.server.ServicedSession@2a51507f
21:19:29.828 INFO - Handler thread for session 8446fed014df7b486e268800d08cf86c (chrome): Executing POST on /session/8446fed014df7b486e268800d08cf86c/elements (handler: ServicedSession)
21:19:29.829 INFO - To upstream: {"using":"css selector","value":"div#mainContainer"}
21:19:29.837 INFO - To downstream: {"sessionId":"8446fed014df7b486e268800d08cf86c","status":0,"value":[{"ELEMENT":"0.513720595803679-3"}]}
21:19:29.844 INFO - Found handler: org.openqa.selenium.remote.server.ServicedSession@2a51507f
21:19:29.844 INFO - Handler thread for session 8446fed014df7b486e268800d08cf86c (chrome): Executing GET on /session/8446fed014df7b486e268800d08cf86c/element/0.513720595803679-3/displayed (handler: ServicedSession)
21:19:29.857 INFO - To downstream: {"sessionId":"8446fed014df7b486e268800d08cf86c","status":0,"value":true}
21:19:31.864 INFO - Found handler: org.openqa.selenium.remote.server.ServicedSession@2a51507f
21:19:31.864 INFO - Handler thread for session 8446fed014df7b486e268800d08cf86c (chrome): Executing POST on /session/8446fed014df7b486e268800d08cf86c/element (handler: ServicedSession)
21:19:31.865 INFO - To upstream: {"using":"css selector","value":"input[name=password]"}
21:19:31.879 INFO - To downstream: {"sessionId":"8446fed014df7b486e268800d08cf86c","status":7,"value":{"message":"no such element: Unable to locate element: {\"method\":\"css selector\",\"selector\":\"input[name=password]\"}\n  (Session info: chrome=64.0.3282.186)\n  (Driver info: chromedriver=2.36.540469 (1881fd7f8641508feb5166b7cae561d87723cfa8),platform=Mac OS X 10.12.6 x86_64)"}}
21:19:33.884 INFO - Found handler: org.openqa.selenium.remote.server.ServicedSession@2a51507f
21:19:33.884 INFO - Handler thread for session 8446fed014df7b486e268800d08cf86c (chrome): Executing POST on /session/8446fed014df7b486e268800d08cf86c/element (handler: ServicedSession)
21:19:33.885 INFO - To upstream: {"using":"css selector","value":"input[name=confirmPassword]"}
21:19:33.898 INFO - To downstream: {"sessionId":"8446fed014df7b486e268800d08cf86c","status":7,"value":{"message":"no such element: Unable to locate element: {\"method\":\"css selector\",\"selector\":\"input[name=confirmPassword]\"}\n  (Session info: chrome=64.0.3282.186)\n  (Driver info: chromedriver=2.36.540469 (1881fd7f8641508feb5166b7cae561d87723cfa8),platform=Mac OS X 10.12.6 x86_64)"}}
21:19:35.905 INFO - Found handler: org.openqa.selenium.remote.server.ServicedSession@2a51507f
21:19:35.905 INFO - Handler thread for session 8446fed014df7b486e268800d08cf86c (chrome): Executing POST on /session/8446fed014df7b486e268800d08cf86c/element (handler: ServicedSession)
21:19:35.906 INFO - To upstream: {"using":"css selector","value":"input[name=password]"}
21:19:35.913 INFO - To downstream: {"sessionId":"8446fed014df7b486e268800d08cf86c","status":7,"value":{"message":"no such element: Unable to locate element: {\"method\":\"css selector\",\"selector\":\"input[name=password]\"}\n  (Session info: chrome=64.0.3282.186)\n  (Driver info: chromedriver=2.36.540469 (1881fd7f8641508feb5166b7cae561d87723cfa8),platform=Mac OS X 10.12.6 x86_64)"}}
21:19:37.919 INFO - Found handler: org.openqa.selenium.remote.server.ServicedSession@2a51507f
21:19:37.919 INFO - Handler thread for session 8446fed014df7b486e268800d08cf86c (chrome): Executing POST on /session/8446fed014df7b486e268800d08cf86c/element (handler: ServicedSession)
21:19:37.920 INFO - To upstream: {"using":"css selector","value":"input[name=confirmPassword]"}
21:19:37.927 INFO - To downstream: {"sessionId":"8446fed014df7b486e268800d08cf86c","status":7,"value":{"message":"no such element: Unable to locate element: {\"method\":\"css selector\",\"selector\":\"input[name=confirmPassword]\"}\n  (Session info: chrome=64.0.3282.186)\n  (Driver info: chromedriver=2.36.540469 (1881fd7f8641508feb5166b7cae561d87723cfa8),platform=Mac OS X 10.12.6 x86_64)"}}
21:19:39.936 INFO - Found handler: org.openqa.selenium.remote.server.ServicedSession@2a51507f
21:19:39.936 INFO - Handler thread for session 8446fed014df7b486e268800d08cf86c (chrome): Executing POST on /session/8446fed014df7b486e268800d08cf86c/element (handler: ServicedSession)
21:19:39.937 INFO - To upstream: {"using":"css selector","value":"input[type=submit]"}
21:19:39.951 INFO - To downstream: {"sessionId":"8446fed014df7b486e268800d08cf86c","status":7,"value":{"message":"no such element: Unable to locate element: {\"method\":\"css selector\",\"selector\":\"input[type=submit]\"}\n  (Session info: chrome=64.0.3282.186)\n  (Driver info: chromedriver=2.36.540469 (1881fd7f8641508feb5166b7cae561d87723cfa8),platform=Mac OS X 10.12.6 x86_64)"}}
21:19:41.958 INFO - Found handler: org.openqa.selenium.remote.server.ServicedSession@2a51507f
21:19:41.958 INFO - Handler thread for session 8446fed014df7b486e268800d08cf86c (chrome): Executing POST on /session/8446fed014df7b486e268800d08cf86c/element (handler: ServicedSession)
21:19:41.959 INFO - To upstream: {"using":"css selector","value":".nav-link.dropdown-toggle"}
21:19:41.975 INFO - To downstream: {"sessionId":"8446fed014df7b486e268800d08cf86c","status":0,"value":{"ELEMENT":"0.29105691276660806-1"}}
21:19:41.978 INFO - Found handler: org.openqa.selenium.remote.server.ServicedSession@2a51507f
21:19:41.978 INFO - Handler thread for session 8446fed014df7b486e268800d08cf86c (chrome): Executing POST on /session/8446fed014df7b486e268800d08cf86c/element/0.29105691276660806-1/click (handler: ServicedSession)
21:19:41.978 INFO - To upstream: 
21:19:42.016 INFO - To downstream: {"sessionId":"8446fed014df7b486e268800d08cf86c","status":0,"value":null}
21:19:44.024 INFO - Found handler: org.openqa.selenium.remote.server.ServicedSession@2a51507f
21:19:44.024 INFO - Handler thread for session 8446fed014df7b486e268800d08cf86c (chrome): Executing POST on /session/8446fed014df7b486e268800d08cf86c/element (handler: ServicedSession)
21:19:44.026 INFO - To upstream: {"using":"css selector","value":"#signoutLink"}
21:19:44.040 INFO - To downstream: {"sessionId":"8446fed014df7b486e268800d08cf86c","status":0,"value":{"ELEMENT":"0.29105691276660806-2"}}
21:19:44.042 INFO - Found handler: org.openqa.selenium.remote.server.ServicedSession@2a51507f
21:19:44.042 INFO - Handler thread for session 8446fed014df7b486e268800d08cf86c (chrome): Executing POST on /session/8446fed014df7b486e268800d08cf86c/element/0.29105691276660806-2/click (handler: ServicedSession)
21:19:44.043 INFO - To upstream: 
21:19:44.109 INFO - To downstream: {"sessionId":"8446fed014df7b486e268800d08cf86c","status":0,"value":null}
21:19:46.115 INFO - Found handler: org.openqa.selenium.remote.server.ServicedSession@2a51507f
21:19:46.115 INFO - Handler thread for session 8446fed014df7b486e268800d08cf86c (chrome): Executing DELETE on /session/8446fed014df7b486e268800d08cf86c (handler: ServicedSession)
21:19:46.166 INFO - To downstream: {"sessionId":"8446fed014df7b486e268800d08cf86c","status":0,"value":null}
21:19:46.172 INFO - Removing session org.openqa.selenium.remote.server.ServicedSession@2a51507f
21:19:46.179 INFO - To downstream: {"sessionId":"","status":0,"value":null}
